This file contains any messages produced by compilers while
running configure, to aid debugging if configure makes a mistake.

It was created by weston configure 2.0.0, which was
generated by GNU Autoconf 2.69.  Invocation command line was

  $ ./configure --target=aarch64-rockchip-linux-gnu --host=aarch64-rockchip-linux-gnu --build=x86_64-pc-linux-gnu --prefix=/usr --exec-prefix=/usr --sysconfdir=/etc --localstatedir=/var --program-prefix= --disable-gtk-doc --disable-gtk-doc-html --disable-doc --disable-docs --disable-documentation --with-xmlto=no --with-fop=no --disable-dependency-tracking --enable-ipv6 --disable-static --enable-shared --with-dtddir=/home/qe/px3-se/buildroot/output/host/usr/aarch64-rockchip-linux-gnu/sysroot/usr/share/wayland --disable-headless-compositor --disable-colord --disable-devdocs --disable-setuid-install --enable-dbus --disable-weston-launch --enable-egl --disable-libunwind --disable-rdp-compositor --enable-fbdev-compositor WESTON_NATIVE_BACKEND=fbdev-backend.so --enable-drm-compositor WESTON_NATIVE_BACKEND=drm-backend.so --disable-x11-compositor --disable-xwayland --disable-vaapi-recorder --disable-lcms --disable-systemd-login --disable-systemd-notify --enable-junit-xml --enable-demo-clients-install

## --------- ##
## Platform. ##
## --------- ##

hostname = svr166
uname -m = x86_64
uname -r = 4.4.0-85-generic
uname -s = Linux
uname -v = #108-Ubuntu SMP Mon Jul 3 17:23:59 UTC 2017

/usr/bin/uname -p = unknown
/bin/uname -X     = unknown

/bin/arch              = unknown
/usr/bin/arch -k       = unknown
/usr/convex/getsysinfo = unknown
/usr/bin/hostinfo      = unknown
/bin/machine           = unknown
/usr/bin/oslevel       = unknown
/bin/universe          = unknown

PATH: /home/qe/px3-se/buildroot/output/host/bin
PATH: /home/qe/px3-se/buildroot/output/host/sbin
PATH: /home/qe/px3-se/buildroot/output/host/usr/bin
PATH: /home/qe/px3-se/buildroot/output/host/usr/sbin
PATH: /home/qe/bin
PATH: /home/qe/.local/bin
PATH: /opt/hisi-linux/x86-arm/arm-hisiv200-linux/target/bin
PATH: /usr/local/sbin
PATH: /usr/local/bin
PATH: /usr/sbin
PATH: /usr/bin
PATH: /sbin
PATH: /bin
PATH: /usr/games
PATH: /usr/local/games
PATH: /snap/bin


## ----------- ##
## Core tests. ##
## ----------- ##

configure:2864: checking for aarch64-rockchip-linux-gnu-gcc
configure:2891: result: /home/qe/px3-se/buildroot/output/host/usr/bin/aarch64-rockchip-linux-gnu-gcc
configure:3160: checking for C compiler version
configure:3169: /home/qe/px3-se/buildroot/output/host/usr/bin/aarch64-rockchip-linux-gnu-gcc --version >&5
aarch64-rockchip-linux-gnu-gcc.br_real (Buildroot 2016.08.1-00284-ga0e7f12-dirty) 5.4.0
Copyright (C) 2015 Free Software Foundation, Inc.
This is free software; see the source for copying conditions.  There is NO
warranty; not even for MERCHANTABILITY or FITNESS FOR A PARTICULAR PURPOSE.

configure:3180: $? = 0
configure:3169: /home/qe/px3-se/buildroot/output/host/usr/bin/aarch64-rockchip-linux-gnu-gcc -v >&5
Using built-in specs.
COLLECT_GCC=/home/qe/px3-se/buildroot/output/host/usr/bin/aarch64-rockchip-linux-gnu-gcc.br_real
COLLECT_LTO_WRAPPER=/home/qe/px3-se/buildroot/output/host/usr/libexec/gcc/aarch64-rockchip-linux-gnu/5.4.0/lto-wrapper
Target: aarch64-rockchip-linux-gnu
Configured with: ./configure --prefix=/home/qe/px3-se/buildroot/output/host/usr --sysconfdir=/home/qe/px3-se/buildroot/output/host/etc --enable-static --target=aarch64-rockchip-linux-gnu --with-sysroot=/home/qe/px3-se/buildroot/output/host/usr/aarch64-rockchip-linux-gnu/sysroot --disable-__cxa_atexit --with-gnu-ld --disable-libssp --disable-multilib --with-gmp=/home/qe/px3-se/buildroot/output/host/usr --with-mpfr=/home/qe/px3-se/buildroot/output/host/usr --with-pkgversion='Buildroot 2016.08.1-00284-ga0e7f12-dirty' --with-bugurl=http://bugs.buildroot.net/ --disable-libquadmath --enable-tls --disable-libmudflap --enable-threads --with-mpc=/home/qe/px3-se/buildroot/output/host/usr --without-isl --without-cloog --disable-decimal-float --enable-languages=c,c++ --with-build-time-tools=/home/qe/px3-se/buildroot/output/host/usr/aarch64-rockchip-linux-gnu/bin --enable-shared --disable-libgomp
Thread model: posix
gcc version 5.4.0 (Buildroot 2016.08.1-00284-ga0e7f12-dirty) 
configure:3180: $? = 0
configure:3169: /home/qe/px3-se/buildroot/output/host/usr/bin/aarch64-rockchip-linux-gnu-gcc -V >&5
aarch64-rockchip-linux-gnu-gcc.br_real: error: unrecognized command line option '-V'
aarch64-rockchip-linux-gnu-gcc.br_real: fatal error: no input files
compilation terminated.
configure:3180: $? = 1
configure:3169: /home/qe/px3-se/buildroot/output/host/usr/bin/aarch64-rockchip-linux-gnu-gcc -qversion >&5
aarch64-rockchip-linux-gnu-gcc.br_real: error: unrecognized command line option '-qversion'
aarch64-rockchip-linux-gnu-gcc.br_real: fatal error: no input files
compilation terminated.
configure:3180: $? = 1
configure:3200: checking whether the C compiler works
configure:3222: /home/qe/px3-se/buildroot/output/host/usr/bin/aarch64-rockchip-linux-gnu-gcc -D_LARGEFILE_SOURCE -D_LARGEFILE64_SOURCE -D_FILE_OFFSET_BITS=64  -Os  -D_LARGEFILE_SOURCE -D_LARGEFILE64_SOURCE -D_FILE_OFFSET_BITS=64  conftest.c  >&5
configure:3226: $? = 0
configure:3274: result: yes
configure:3277: checking for C compiler default output file name
configure:3279: result: a.out
configure:3285: checking for suffix of executables
configure:3292: /home/qe/px3-se/buildroot/output/host/usr/bin/aarch64-rockchip-linux-gnu-gcc -o conftest -D_LARGEFILE_SOURCE -D_LARGEFILE64_SOURCE -D_FILE_OFFSET_BITS=64  -Os  -D_LARGEFILE_SOURCE -D_LARGEFILE64_SOURCE -D_FILE_OFFSET_BITS=64  conftest.c  >&5
configure:3296: $? = 0
configure:3318: result: 
configure:3340: checking whether we are cross compiling
configure:3378: result: yes
configure:3383: checking for suffix of object files
configure:3405: /home/qe/px3-se/buildroot/output/host/usr/bin/aarch64-rockchip-linux-gnu-gcc -c -D_LARGEFILE_SOURCE -D_LARGEFILE64_SOURCE -D_FILE_OFFSET_BITS=64  -Os  -D_LARGEFILE_SOURCE -D_LARGEFILE64_SOURCE -D_FILE_OFFSET_BITS=64 conftest.c >&5
configure:3409: $? = 0
configure:3430: result: o
configure:3434: checking whether we are using the GNU C compiler
configure:3453: /home/qe/px3-se/buildroot/output/host/usr/bin/aarch64-rockchip-linux-gnu-gcc -c -D_LARGEFILE_SOURCE -D_LARGEFILE64_SOURCE -D_FILE_OFFSET_BITS=64  -Os  -D_LARGEFILE_SOURCE -D_LARGEFILE64_SOURCE -D_FILE_OFFSET_BITS=64 conftest.c >&5
configure:3453: $? = 0
configure:3462: result: yes
configure:3471: checking whether /home/qe/px3-se/buildroot/output/host/usr/bin/aarch64-rockchip-linux-gnu-gcc accepts -g
configure:3491: /home/qe/px3-se/buildroot/output/host/usr/bin/aarch64-rockchip-linux-gnu-gcc -c -g -D_LARGEFILE_SOURCE -D_LARGEFILE64_SOURCE -D_FILE_OFFSET_BITS=64 conftest.c >&5
configure:3491: $? = 0
configure:3532: result: yes
configure:3549: checking for /home/qe/px3-se/buildroot/output/host/usr/bin/aarch64-rockchip-linux-gnu-gcc option to accept ISO C89
configure:3612: /home/qe/px3-se/buildroot/output/host/usr/bin/aarch64-rockchip-linux-gnu-gcc  -c -D_LARGEFILE_SOURCE -D_LARGEFILE64_SOURCE -D_FILE_OFFSET_BITS=64  -Os  -D_LARGEFILE_SOURCE -D_LARGEFILE64_SOURCE -D_FILE_OFFSET_BITS=64 conftest.c >&5
configure:3612: $? = 0
configure:3625: result: none needed
configure:3650: checking whether /home/qe/px3-se/buildroot/output/host/usr/bin/aarch64-rockchip-linux-gnu-gcc understands -c and -o together
configure:3672: /home/qe/px3-se/buildroot/output/host/usr/bin/aarch64-rockchip-linux-gnu-gcc -c conftest.c -o conftest2.o
configure:3675: $? = 0
configure:3672: /home/qe/px3-se/buildroot/output/host/usr/bin/aarch64-rockchip-linux-gnu-gcc -c conftest.c -o conftest2.o
configure:3675: $? = 0
configure:3687: result: yes
configure:3710: checking how to run the C preprocessor
configure:3780: result: /home/qe/px3-se/buildroot/output/host/usr/bin/aarch64-rockchip-linux-gnu-cpp
configure:3800: /home/qe/px3-se/buildroot/output/host/usr/bin/aarch64-rockchip-linux-gnu-cpp -D_LARGEFILE_SOURCE -D_LARGEFILE64_SOURCE -D_FILE_OFFSET_BITS=64 conftest.c
configure:3800: $? = 0
configure:3814: /home/qe/px3-se/buildroot/output/host/usr/bin/aarch64-rockchip-linux-gnu-cpp -D_LARGEFILE_SOURCE -D_LARGEFILE64_SOURCE -D_FILE_OFFSET_BITS=64 conftest.c
conftest.c:9:28: fatal error: ac_nonexistent.h: No such file or directory
compilation terminated.
configure:3814: $? = 1
configure: failed program was:
| /* confdefs.h */
| #define PACKAGE_NAME "weston"
| #define PACKAGE_TARNAME "weston"
| #define PACKAGE_VERSION "2.0.0"
| #define PACKAGE_STRING "weston 2.0.0"
| #define PACKAGE_BUGREPORT "https://bugs.freedesktop.org/enter_bug.cgi?product=Wayland&component=weston&version=2.0.0"
| #define PACKAGE_URL "http://wayland.freedesktop.org"
| /* end confdefs.h.  */
| #include <ac_nonexistent.h>
configure:3843: checking for grep that handles long lines and -e
configure:3901: result: /bin/grep
configure:3906: checking for egrep
configure:3968: result: /bin/grep -E
configure:3973: checking for ANSI C header files
configure:3993: /home/qe/px3-se/buildroot/output/host/usr/bin/aarch64-rockchip-linux-gnu-gcc -c -D_LARGEFILE_SOURCE -D_LARGEFILE64_SOURCE -D_FILE_OFFSET_BITS=64  -Os  -D_LARGEFILE_SOURCE -D_LARGEFILE64_SOURCE -D_FILE_OFFSET_BITS=64 conftest.c >&5
configure:3993: $? = 0
configure:4077: result: yes
configure:4090: checking for sys/types.h
configure:4090: /home/qe/px3-se/buildroot/output/host/usr/bin/aarch64-rockchip-linux-gnu-gcc -c -D_LARGEFILE_SOURCE -D_LARGEFILE64_SOURCE -D_FILE_OFFSET_BITS=64  -Os  -D_LARGEFILE_SOURCE -D_LARGEFILE64_SOURCE -D_FILE_OFFSET_BITS=64 conftest.c >&5
configure:4090: $? = 0
configure:4090: result: yes
configure:4090: checking for sys/stat.h
configure:4090: /home/qe/px3-se/buildroot/output/host/usr/bin/aarch64-rockchip-linux-gnu-gcc -c -D_LARGEFILE_SOURCE -D_LARGEFILE64_SOURCE -D_FILE_OFFSET_BITS=64  -Os  -D_LARGEFILE_SOURCE -D_LARGEFILE64_SOURCE -D_FILE_OFFSET_BITS=64 conftest.c >&5
configure:4090: $? = 0
configure:4090: result: yes
configure:4090: checking for stdlib.h
configure:4090: /home/qe/px3-se/buildroot/output/host/usr/bin/aarch64-rockchip-linux-gnu-gcc -c -D_LARGEFILE_SOURCE -D_LARGEFILE64_SOURCE -D_FILE_OFFSET_BITS=64  -Os  -D_LARGEFILE_SOURCE -D_LARGEFILE64_SOURCE -D_FILE_OFFSET_BITS=64 conftest.c >&5
configure:4090: $? = 0
configure:4090: result: yes
configure:4090: checking for string.h
configure:4090: /home/qe/px3-se/buildroot/output/host/usr/bin/aarch64-rockchip-linux-gnu-gcc -c -D_LARGEFILE_SOURCE -D_LARGEFILE64_SOURCE -D_FILE_OFFSET_BITS=64  -Os  -D_LARGEFILE_SOURCE -D_LARGEFILE64_SOURCE -D_FILE_OFFSET_BITS=64 conftest.c >&5
configure:4090: $? = 0
configure:4090: result: yes
configure:4090: checking for memory.h
configure:4090: /home/qe/px3-se/buildroot/output/host/usr/bin/aarch64-rockchip-linux-gnu-gcc -c -D_LARGEFILE_SOURCE -D_LARGEFILE64_SOURCE -D_FILE_OFFSET_BITS=64  -Os  -D_LARGEFILE_SOURCE -D_LARGEFILE64_SOURCE -D_FILE_OFFSET_BITS=64 conftest.c >&5
configure:4090: $? = 0
configure:4090: result: yes
configure:4090: checking for strings.h
configure:4090: /home/qe/px3-se/buildroot/output/host/usr/bin/aarch64-rockchip-linux-gnu-gcc -c -D_LARGEFILE_SOURCE -D_LARGEFILE64_SOURCE -D_FILE_OFFSET_BITS=64  -Os  -D_LARGEFILE_SOURCE -D_LARGEFILE64_SOURCE -D_FILE_OFFSET_BITS=64 conftest.c >&5
configure:4090: $? = 0
configure:4090: result: yes
configure:4090: checking for inttypes.h
configure:4090: /home/qe/px3-se/buildroot/output/host/usr/bin/aarch64-rockchip-linux-gnu-gcc -c -D_LARGEFILE_SOURCE -D_LARGEFILE64_SOURCE -D_FILE_OFFSET_BITS=64  -Os  -D_LARGEFILE_SOURCE -D_LARGEFILE64_SOURCE -D_FILE_OFFSET_BITS=64 conftest.c >&5
configure:4090: $? = 0
configure:4090: result: yes
configure:4090: checking for stdint.h
configure:4090: /home/qe/px3-se/buildroot/output/host/usr/bin/aarch64-rockchip-linux-gnu-gcc -c -D_LARGEFILE_SOURCE -D_LARGEFILE64_SOURCE -D_FILE_OFFSET_BITS=64  -Os  -D_LARGEFILE_SOURCE -D_LARGEFILE64_SOURCE -D_FILE_OFFSET_BITS=64 conftest.c >&5
configure:4090: $? = 0
configure:4090: result: yes
configure:4090: checking for unistd.h
configure:4090: /home/qe/px3-se/buildroot/output/host/usr/bin/aarch64-rockchip-linux-gnu-gcc -c -D_LARGEFILE_SOURCE -D_LARGEFILE64_SOURCE -D_FILE_OFFSET_BITS=64  -Os  -D_LARGEFILE_SOURCE -D_LARGEFILE64_SOURCE -D_FILE_OFFSET_BITS=64 conftest.c >&5
configure:4090: $? = 0
configure:4090: result: yes
configure:4103: checking minix/config.h usability
configure:4103: /home/qe/px3-se/buildroot/output/host/usr/bin/aarch64-rockchip-linux-gnu-gcc -c -D_LARGEFILE_SOURCE -D_LARGEFILE64_SOURCE -D_FILE_OFFSET_BITS=64  -Os  -D_LARGEFILE_SOURCE -D_LARGEFILE64_SOURCE -D_FILE_OFFSET_BITS=64 conftest.c >&5
conftest.c:52:26: fatal error: minix/config.h: No such file or directory
compilation terminated.
configure:4103: $? = 1
configure: failed program was:
| /* confdefs.h */
| #define PACKAGE_NAME "weston"
| #define PACKAGE_TARNAME "weston"
| #define PACKAGE_VERSION "2.0.0"
| #define PACKAGE_STRING "weston 2.0.0"
| #define PACKAGE_BUGREPORT "https://bugs.freedesktop.org/enter_bug.cgi?product=Wayland&component=weston&version=2.0.0"
| #define PACKAGE_URL "http://wayland.freedesktop.org"
| #define STDC_HEADERS 1
| #define HAVE_SYS_TYPES_H 1
| #define HAVE_SYS_STAT_H 1
| #define HAVE_STDLIB_H 1
| #define HAVE_STRING_H 1
| #define HAVE_MEMORY_H 1
| #define HAVE_STRINGS_H 1
| #define HAVE_INTTYPES_H 1
| #define HAVE_STDINT_H 1
| #define HAVE_UNISTD_H 1
| /* end confdefs.h.  */
| #include <stdio.h>
| #ifdef HAVE_SYS_TYPES_H
| # include <sys/types.h>
| #endif
| #ifdef HAVE_SYS_STAT_H
| # include <sys/stat.h>
| #endif
| #ifdef STDC_HEADERS
| # include <stdlib.h>
| # include <stddef.h>
| #else
| # ifdef HAVE_STDLIB_H
| #  include <stdlib.h>
| # endif
| #endif
| #ifdef HAVE_STRING_H
| # if !defined STDC_HEADERS && defined HAVE_MEMORY_H
| #  include <memory.h>
| # endif
| # include <string.h>
| #endif
| #ifdef HAVE_STRINGS_H
| # include <strings.h>
| #endif
| #ifdef HAVE_INTTYPES_H
| # include <inttypes.h>
| #endif
| #ifdef HAVE_STDINT_H
| # include <stdint.h>
| #endif
| #ifdef HAVE_UNISTD_H
| # include <unistd.h>
| #endif
| #include <minix/config.h>
configure:4103: result: no
configure:4103: checking minix/config.h presence
configure:4103: /home/qe/px3-se/buildroot/output/host/usr/bin/aarch64-rockchip-linux-gnu-cpp -D_LARGEFILE_SOURCE -D_LARGEFILE64_SOURCE -D_FILE_OFFSET_BITS=64 conftest.c
conftest.c:19:26: fatal error: minix/config.h: No such file or directory
compilation terminated.
configure:4103: $? = 1
configure: failed program was:
| /* confdefs.h */
| #define PACKAGE_NAME "weston"
| #define PACKAGE_TARNAME "weston"
| #define PACKAGE_VERSION "2.0.0"
| #define PACKAGE_STRING "weston 2.0.0"
| #define PACKAGE_BUGREPORT "https://bugs.freedesktop.org/enter_bug.cgi?product=Wayland&component=weston&version=2.0.0"
| #define PACKAGE_URL "http://wayland.freedesktop.org"
| #define STDC_HEADERS 1
| #define HAVE_SYS_TYPES_H 1
| #define HAVE_SYS_STAT_H 1
| #define HAVE_STDLIB_H 1
| #define HAVE_STRING_H 1
| #define HAVE_MEMORY_H 1
| #define HAVE_STRINGS_H 1
| #define HAVE_INTTYPES_H 1
| #define HAVE_STDINT_H 1
| #define HAVE_UNISTD_H 1
| /* end confdefs.h.  */
| #include <minix/config.h>
configure:4103: result: no
configure:4103: checking for minix/config.h
configure:4103: result: no
configure:4124: checking whether it is safe to define __EXTENSIONS__
configure:4142: /home/qe/px3-se/buildroot/output/host/usr/bin/aarch64-rockchip-linux-gnu-gcc -c -D_LARGEFILE_SOURCE -D_LARGEFILE64_SOURCE -D_FILE_OFFSET_BITS=64  -Os  -D_LARGEFILE_SOURCE -D_LARGEFILE64_SOURCE -D_FILE_OFFSET_BITS=64 conftest.c >&5
configure:4142: $? = 0
configure:4149: result: yes
configure:4170: checking for special C compiler options needed for large files
configure:4215: result: no
configure:4221: checking for _FILE_OFFSET_BITS value needed for large files
configure:4246: /home/qe/px3-se/buildroot/output/host/usr/bin/aarch64-rockchip-linux-gnu-gcc -c -D_LARGEFILE_SOURCE -D_LARGEFILE64_SOURCE -D_FILE_OFFSET_BITS=64  -Os  -D_LARGEFILE_SOURCE -D_LARGEFILE64_SOURCE -D_FILE_OFFSET_BITS=64 conftest.c >&5
configure:4246: $? = 0
configure:4278: result: no
configure:4380: checking for a BSD-compatible install
configure:4448: result: /usr/bin/install -c
configure:4459: checking whether build environment is sane
configure:4514: result: yes
configure:4570: checking for aarch64-rockchip-linux-gnu-strip
configure:4597: result: /home/qe/px3-se/buildroot/output/host/usr/bin/aarch64-rockchip-linux-gnu-strip
configure:4662: checking for a thread-safe mkdir -p
configure:4701: result: /bin/mkdir -p
configure:4708: checking for gawk
configure:4724: found /home/qe/px3-se/buildroot/output/host/usr/bin/gawk
configure:4735: result: gawk
configure:4746: checking whether make sets $(MAKE)
configure:4768: result: yes
configure:4798: checking for style of include used by make
configure:4826: result: GNU
configure:4860: checking whether make supports nested variables
configure:4877: result: yes
configure:4962: checking dependency style of /home/qe/px3-se/buildroot/output/host/usr/bin/aarch64-rockchip-linux-gnu-gcc
configure:5073: result: none
configure:5142: checking whether make supports nested variables
configure:5159: result: yes
configure:5185: checking for aarch64-rockchip-linux-gnu-gcc
configure:5212: result: /home/qe/px3-se/buildroot/output/host/usr/bin/aarch64-rockchip-linux-gnu-gcc
configure:5481: checking for C compiler version
configure:5490: /home/qe/px3-se/buildroot/output/host/usr/bin/aarch64-rockchip-linux-gnu-gcc --version >&5
aarch64-rockchip-linux-gnu-gcc.br_real (Buildroot 2016.08.1-00284-ga0e7f12-dirty) 5.4.0
Copyright (C) 2015 Free Software Foundation, Inc.
This is free software; see the source for copying conditions.  There is NO
warranty; not even for MERCHANTABILITY or FITNESS FOR A PARTICULAR PURPOSE.

configure:5501: $? = 0
configure:5490: /home/qe/px3-se/buildroot/output/host/usr/bin/aarch64-rockchip-linux-gnu-gcc -v >&5
Using built-in specs.
COLLECT_GCC=/home/qe/px3-se/buildroot/output/host/usr/bin/aarch64-rockchip-linux-gnu-gcc.br_real
COLLECT_LTO_WRAPPER=/home/qe/px3-se/buildroot/output/host/usr/libexec/gcc/aarch64-rockchip-linux-gnu/5.4.0/lto-wrapper
Target: aarch64-rockchip-linux-gnu
Configured with: ./configure --prefix=/home/qe/px3-se/buildroot/output/host/usr --sysconfdir=/home/qe/px3-se/buildroot/output/host/etc --enable-static --target=aarch64-rockchip-linux-gnu --with-sysroot=/home/qe/px3-se/buildroot/output/host/usr/aarch64-rockchip-linux-gnu/sysroot --disable-__cxa_atexit --with-gnu-ld --disable-libssp --disable-multilib --with-gmp=/home/qe/px3-se/buildroot/output/host/usr --with-mpfr=/home/qe/px3-se/buildroot/output/host/usr --with-pkgversion='Buildroot 2016.08.1-00284-ga0e7f12-dirty' --with-bugurl=http://bugs.buildroot.net/ --disable-libquadmath --enable-tls --disable-libmudflap --enable-threads --with-mpc=/home/qe/px3-se/buildroot/output/host/usr --without-isl --without-cloog --disable-decimal-float --enable-languages=c,c++ --with-build-time-tools=/home/qe/px3-se/buildroot/output/host/usr/aarch64-rockchip-linux-gnu/bin --enable-shared --disable-libgomp
Thread model: posix
gcc version 5.4.0 (Buildroot 2016.08.1-00284-ga0e7f12-dirty) 
configure:5501: $? = 0
configure:5490: /home/qe/px3-se/buildroot/output/host/usr/bin/aarch64-rockchip-linux-gnu-gcc -V >&5
aarch64-rockchip-linux-gnu-gcc.br_real: error: unrecognized command line option '-V'
aarch64-rockchip-linux-gnu-gcc.br_real: fatal error: no input files
compilation terminated.
configure:5501: $? = 1
configure:5490: /home/qe/px3-se/buildroot/output/host/usr/bin/aarch64-rockchip-linux-gnu-gcc -qversion >&5
aarch64-rockchip-linux-gnu-gcc.br_real: error: unrecognized command line option '-qversion'
aarch64-rockchip-linux-gnu-gcc.br_real: fatal error: no input files
compilation terminated.
configure:5501: $? = 1
configure:5505: checking whether we are using the GNU C compiler
configure:5533: result: yes
configure:5542: checking whether /home/qe/px3-se/buildroot/output/host/usr/bin/aarch64-rockchip-linux-gnu-gcc accepts -g
configure:5603: result: yes
configure:5620: checking for /home/qe/px3-se/buildroot/output/host/usr/bin/aarch64-rockchip-linux-gnu-gcc option to accept ISO C89
configure:5696: result: none needed
configure:5721: checking whether /home/qe/px3-se/buildroot/output/host/usr/bin/aarch64-rockchip-linux-gnu-gcc understands -c and -o together
configure:5758: result: yes
configure:5775: checking for a sed that does not truncate output
configure:5839: result: /bin/sed
configure:5876: checking build system type
configure:5890: result: x86_64-pc-linux-gnu
configure:5910: checking host system type
configure:5923: result: aarch64-rockchip-linux-gnu
configure:5964: checking how to print strings
configure:5991: result: printf
configure:6012: checking for a sed that does not truncate output
configure:6076: result: /bin/sed
configure:6094: checking for fgrep
configure:6156: result: /bin/grep -F
configure:6191: checking for ld used by /home/qe/px3-se/buildroot/output/host/usr/bin/aarch64-rockchip-linux-gnu-gcc
configure:6258: result: /home/qe/px3-se/buildroot/output/host/usr/bin/aarch64-rockchip-linux-gnu-ld
configure:6265: checking if the linker (/home/qe/px3-se/buildroot/output/host/usr/bin/aarch64-rockchip-linux-gnu-ld) is GNU ld
configure:6280: result: yes
configure:6292: checking for BSD- or MS-compatible name lister (nm)
configure:6341: result: /home/qe/px3-se/buildroot/output/host/usr/bin/aarch64-rockchip-linux-gnu-nm
configure:6471: checking the name lister (/home/qe/px3-se/buildroot/output/host/usr/bin/aarch64-rockchip-linux-gnu-nm) interface
configure:6478: /home/qe/px3-se/buildroot/output/host/usr/bin/aarch64-rockchip-linux-gnu-gcc -c -D_LARGEFILE_SOURCE -D_LARGEFILE64_SOURCE -D_FILE_OFFSET_BITS=64  -Os  -D_LARGEFILE_SOURCE -D_LARGEFILE64_SOURCE -D_FILE_OFFSET_BITS=64 conftest.c >&5
configure:6481: /home/qe/px3-se/buildroot/output/host/usr/bin/aarch64-rockchip-linux-gnu-nm "conftest.o"
configure:6484: output
0000000000000000 B some_variable
configure:6491: result: BSD nm
configure:6494: checking whether ln -s works
configure:6498: result: yes
configure:6506: checking the maximum length of command line arguments
configure:6637: result: 3458764513820540925
configure:6654: checking whether the shell understands some XSI constructs
configure:6664: result: yes
configure:6668: checking whether the shell understands "+="
configure:6674: result: yes
configure:6709: checking how to convert x86_64-pc-linux-gnu file names to aarch64-rockchip-linux-gnu format
configure:6749: result: func_convert_file_noop
configure:6756: checking how to convert x86_64-pc-linux-gnu file names to toolchain format
configure:6776: result: func_convert_file_noop
configure:6783: checking for /home/qe/px3-se/buildroot/output/host/usr/bin/aarch64-rockchip-linux-gnu-ld option to reload object files
configure:6790: result: -r
configure:6824: checking for aarch64-rockchip-linux-gnu-objdump
configure:6851: result: /home/qe/px3-se/buildroot/output/host/usr/bin/aarch64-rockchip-linux-gnu-objdump
configure:6923: checking how to recognize dependent libraries
configure:7121: result: pass_all
configure:7166: checking for aarch64-rockchip-linux-gnu-dlltool
configure:7196: result: no
configure:7206: checking for dlltool
configure:7236: result: no
configure:7266: checking how to associate runtime and link libraries
configure:7293: result: printf %s\n
configure:7309: checking for aarch64-rockchip-linux-gnu-ar
configure:7336: result: /home/qe/px3-se/buildroot/output/host/usr/bin/aarch64-rockchip-linux-gnu-ar
configure:7417: checking for archiver @FILE support
configure:7434: /home/qe/px3-se/buildroot/output/host/usr/bin/aarch64-rockchip-linux-gnu-gcc -c -D_LARGEFILE_SOURCE -D_LARGEFILE64_SOURCE -D_FILE_OFFSET_BITS=64  -Os  -D_LARGEFILE_SOURCE -D_LARGEFILE64_SOURCE -D_FILE_OFFSET_BITS=64 conftest.c >&5
configure:7434: $? = 0
configure:7437: /home/qe/px3-se/buildroot/output/host/usr/bin/aarch64-rockchip-linux-gnu-ar cru libconftest.a @conftest.lst >&5
configure:7440: $? = 0
configure:7445: /home/qe/px3-se/buildroot/output/host/usr/bin/aarch64-rockchip-linux-gnu-ar cru libconftest.a @conftest.lst >&5
/home/qe/px3-se/buildroot/output/host/usr/bin/aarch64-rockchip-linux-gnu-ar: conftest.o: No such file or directory
configure:7448: $? = 1
configure:7460: result: @
configure:7478: checking for aarch64-rockchip-linux-gnu-strip
configure:7505: result: /home/qe/px3-se/buildroot/output/host/usr/bin/aarch64-rockchip-linux-gnu-strip
configure:7577: checking for aarch64-rockchip-linux-gnu-ranlib
configure:7604: result: /home/qe/px3-se/buildroot/output/host/usr/bin/aarch64-rockchip-linux-gnu-ranlib
configure:7746: checking command to parse /home/qe/px3-se/buildroot/output/host/usr/bin/aarch64-rockchip-linux-gnu-nm output from /home/qe/px3-se/buildroot/output/host/usr/bin/aarch64-rockchip-linux-gnu-gcc object
configure:7866: /home/qe/px3-se/buildroot/output/host/usr/bin/aarch64-rockchip-linux-gnu-gcc -c -D_LARGEFILE_SOURCE -D_LARGEFILE64_SOURCE -D_FILE_OFFSET_BITS=64  -Os  -D_LARGEFILE_SOURCE -D_LARGEFILE64_SOURCE -D_FILE_OFFSET_BITS=64 conftest.c >&5
configure:7869: $? = 0
configure:7873: /home/qe/px3-se/buildroot/output/host/usr/bin/aarch64-rockchip-linux-gnu-nm conftest.o \| sed -n -e 's/^.*[ ]\([ABCDGIRSTW][ABCDGIRSTW]*\)[ ][ ]*\([_A-Za-z][_A-Za-z0-9]*\)$/\1 \2 \2/p' | sed '/ __gnu_lto/d' \> conftest.nm
configure:7876: $? = 0
configure:7942: /home/qe/px3-se/buildroot/output/host/usr/bin/aarch64-rockchip-linux-gnu-gcc -o conftest -D_LARGEFILE_SOURCE -D_LARGEFILE64_SOURCE -D_FILE_OFFSET_BITS=64  -Os  -D_LARGEFILE_SOURCE -D_LARGEFILE64_SOURCE -D_FILE_OFFSET_BITS=64  conftest.c conftstm.o >&5
configure:7945: $? = 0
configure:7983: result: ok
configure:8020: checking for sysroot
configure:8050: result: no
configure:8279: checking for aarch64-rockchip-linux-gnu-mt
configure:8309: result: no
configure:8319: checking for mt
configure:8335: found /bin/mt
configure:8346: result: mt
configure:8358: WARNING: using cross tools not prefixed with host triplet
configure:8369: checking if mt is a manifest tool
configure:8375: mt '-?'
configure:8383: result: no
configure:9022: checking for dlfcn.h
configure:9022: /home/qe/px3-se/buildroot/output/host/usr/bin/aarch64-rockchip-linux-gnu-gcc -c -D_LARGEFILE_SOURCE -D_LARGEFILE64_SOURCE -D_FILE_OFFSET_BITS=64  -Os  -D_LARGEFILE_SOURCE -D_LARGEFILE64_SOURCE -D_FILE_OFFSET_BITS=64 conftest.c >&5
configure:9022: $? = 0
configure:9022: result: yes
configure:9227: checking for objdir
configure:9242: result: .libs
configure:9513: checking if /home/qe/px3-se/buildroot/output/host/usr/bin/aarch64-rockchip-linux-gnu-gcc supports -fno-rtti -fno-exceptions
configure:9531: /home/qe/px3-se/buildroot/output/host/usr/bin/aarch64-rockchip-linux-gnu-gcc -c -D_LARGEFILE_SOURCE -D_LARGEFILE64_SOURCE -D_FILE_OFFSET_BITS=64  -Os  -D_LARGEFILE_SOURCE -D_LARGEFILE64_SOURCE -D_FILE_OFFSET_BITS=64 -fno-rtti -fno-exceptions conftest.c >&5
cc1: warning: command line option '-fno-rtti' is valid for C++/ObjC++ but not for C
configure:9535: $? = 0
configure:9548: result: no
configure:9875: checking for /home/qe/px3-se/buildroot/output/host/usr/bin/aarch64-rockchip-linux-gnu-gcc option to produce PIC
configure:9882: result: -fPIC -DPIC
configure:9890: checking if /home/qe/px3-se/buildroot/output/host/usr/bin/aarch64-rockchip-linux-gnu-gcc PIC flag -fPIC -DPIC works
configure:9908: /home/qe/px3-se/buildroot/output/host/usr/bin/aarch64-rockchip-linux-gnu-gcc -c -D_LARGEFILE_SOURCE -D_LARGEFILE64_SOURCE -D_FILE_OFFSET_BITS=64  -Os  -D_LARGEFILE_SOURCE -D_LARGEFILE64_SOURCE -D_FILE_OFFSET_BITS=64 -fPIC -DPIC -DPIC conftest.c >&5
configure:9912: $? = 0
configure:9925: result: yes
configure:9954: checking if /home/qe/px3-se/buildroot/output/host/usr/bin/aarch64-rockchip-linux-gnu-gcc static flag -static works
configure:9982: result: yes
configure:9997: checking if /home/qe/px3-se/buildroot/output/host/usr/bin/aarch64-rockchip-linux-gnu-gcc supports -c -o file.o
configure:10018: /home/qe/px3-se/buildroot/output/host/usr/bin/aarch64-rockchip-linux-gnu-gcc -c -D_LARGEFILE_SOURCE -D_LARGEFILE64_SOURCE -D_FILE_OFFSET_BITS=64  -Os  -D_LARGEFILE_SOURCE -D_LARGEFILE64_SOURCE -D_FILE_OFFSET_BITS=64 -o out/conftest2.o conftest.c >&5
configure:10022: $? = 0
configure:10044: result: yes
configure:10052: checking if /home/qe/px3-se/buildroot/output/host/usr/bin/aarch64-rockchip-linux-gnu-gcc supports -c -o file.o
configure:10099: result: yes
configure:10132: checking whether the /home/qe/px3-se/buildroot/output/host/usr/bin/aarch64-rockchip-linux-gnu-gcc linker (/home/qe/px3-se/buildroot/output/host/usr/bin/aarch64-rockchip-linux-gnu-ld) supports shared libraries
configure:11289: result: yes
configure:11326: checking whether -lc should be explicitly linked in
configure:11334: /home/qe/px3-se/buildroot/output/host/usr/bin/aarch64-rockchip-linux-gnu-gcc -c -D_LARGEFILE_SOURCE -D_LARGEFILE64_SOURCE -D_FILE_OFFSET_BITS=64  -Os  -D_LARGEFILE_SOURCE -D_LARGEFILE64_SOURCE -D_FILE_OFFSET_BITS=64 conftest.c >&5
configure:11337: $? = 0
configure:11352: /home/qe/px3-se/buildroot/output/host/usr/bin/aarch64-rockchip-linux-gnu-gcc -shared  -fPIC -DPIC conftest.o  -v -Wl,-soname -Wl,conftest -o conftest 2\>\&1 \| /bin/grep  -lc  \>/dev/null 2\>\&1
configure:11355: $? = 0
configure:11369: result: no
configure:11529: checking dynamic linker characteristics
configure:12029: /home/qe/px3-se/buildroot/output/host/usr/bin/aarch64-rockchip-linux-gnu-gcc -o conftest -D_LARGEFILE_SOURCE -D_LARGEFILE64_SOURCE -D_FILE_OFFSET_BITS=64  -Os  -D_LARGEFILE_SOURCE -D_LARGEFILE64_SOURCE -D_FILE_OFFSET_BITS=64  -Wl,-rpath -Wl,/foo conftest.c  >&5
configure:12029: $? = 0
configure:12263: result: GNU/Linux ld.so
configure:12370: checking how to hardcode library paths into programs
configure:12395: result: immediate
configure:12935: checking whether stripping libraries is possible
configure:12940: result: yes
configure:12975: checking if libtool supports shared libraries
configure:12977: result: yes
configure:12980: checking whether to build shared libraries
configure:13001: result: yes
configure:13004: checking whether to build static libraries
configure:13008: result: no
configure:13158: checking pkg-config is at least version 0.9.0
configure:13161: result: yes
configure:13172: checking for library containing dlopen
configure:13203: /home/qe/px3-se/buildroot/output/host/usr/bin/aarch64-rockchip-linux-gnu-gcc -o conftest -D_LARGEFILE_SOURCE -D_LARGEFILE64_SOURCE -D_FILE_OFFSET_BITS=64  -Os  -D_LARGEFILE_SOURCE -D_LARGEFILE64_SOURCE -D_FILE_OFFSET_BITS=64  conftest.c  >&5
/tmp/ccP9KMA6.o: In function `main':
conftest.c:(.text.startup+0x8): undefined reference to `dlopen'
collect2: error: ld returned 1 exit status
configure:13203: $? = 1
configure: failed program was:
| /* confdefs.h */
| #define PACKAGE_NAME "weston"
| #define PACKAGE_TARNAME "weston"
| #define PACKAGE_VERSION "2.0.0"
| #define PACKAGE_STRING "weston 2.0.0"
| #define PACKAGE_BUGREPORT "https://bugs.freedesktop.org/enter_bug.cgi?product=Wayland&component=weston&version=2.0.0"
| #define PACKAGE_URL "http://wayland.freedesktop.org"
| #define STDC_HEADERS 1
| #define HAVE_SYS_TYPES_H 1
| #define HAVE_SYS_STAT_H 1
| #define HAVE_STDLIB_H 1
| #define HAVE_STRING_H 1
| #define HAVE_MEMORY_H 1
| #define HAVE_STRINGS_H 1
| #define HAVE_INTTYPES_H 1
| #define HAVE_STDINT_H 1
| #define HAVE_UNISTD_H 1
| #define __EXTENSIONS__ 1
| #define _ALL_SOURCE 1
| #define _GNU_SOURCE 1
| #define _POSIX_PTHREAD_SEMANTICS 1
| #define _TANDEM_SOURCE 1
| #define PACKAGE "weston"
| #define VERSION "2.0.0"
| #define HAVE_DLFCN_H 1
| #define LT_OBJDIR ".libs/"
| /* end confdefs.h.  */
| 
| /* Override any GCC internal prototype to avoid an error.
|    Use char because int might match the return type of a GCC
|    builtin and then its argument prototype would still apply.  */
| #ifdef __cplusplus
| extern "C"
| #endif
| char dlopen ();
| int
| main ()
| {
| return dlopen ();
|   ;
|   return 0;
| }
configure:13203: /home/qe/px3-se/buildroot/output/host/usr/bin/aarch64-rockchip-linux-gnu-gcc -o conftest -D_LARGEFILE_SOURCE -D_LARGEFILE64_SOURCE -D_FILE_OFFSET_BITS=64  -Os  -D_LARGEFILE_SOURCE -D_LARGEFILE64_SOURCE -D_FILE_OFFSET_BITS=64  conftest.c -ldl   >&5
configure:13203: $? = 0
configure:13220: result: -ldl
configure:13244: checking for library containing clock_gettime
configure:13275: /home/qe/px3-se/buildroot/output/host/usr/bin/aarch64-rockchip-linux-gnu-gcc -o conftest -D_LARGEFILE_SOURCE -D_LARGEFILE64_SOURCE -D_FILE_OFFSET_BITS=64  -Os  -D_LARGEFILE_SOURCE -D_LARGEFILE64_SOURCE -D_FILE_OFFSET_BITS=64  conftest.c  >&5
configure:13275: $? = 0
configure:13292: result: none required
configure:13314: checking for library containing clock_getres
configure:13345: /home/qe/px3-se/buildroot/output/host/usr/bin/aarch64-rockchip-linux-gnu-gcc -o conftest -D_LARGEFILE_SOURCE -D_LARGEFILE64_SOURCE -D_FILE_OFFSET_BITS=64  -Os  -D_LARGEFILE_SOURCE -D_LARGEFILE64_SOURCE -D_FILE_OFFSET_BITS=64  conftest.c  >&5
configure:13345: $? = 0
configure:13362: result: none required
configure:13383: checking whether SFD_CLOEXEC is declared
configure:13383: /home/qe/px3-se/buildroot/output/host/usr/bin/aarch64-rockchip-linux-gnu-gcc -c -D_LARGEFILE_SOURCE -D_LARGEFILE64_SOURCE -D_FILE_OFFSET_BITS=64  -Os  -D_LARGEFILE_SOURCE -D_LARGEFILE64_SOURCE -D_FILE_OFFSET_BITS=64 conftest.c >&5
configure:13383: $? = 0
configure:13383: result: yes
configure:13391: checking whether TFD_CLOEXEC is declared
configure:13391: /home/qe/px3-se/buildroot/output/host/usr/bin/aarch64-rockchip-linux-gnu-gcc -c -D_LARGEFILE_SOURCE -D_LARGEFILE64_SOURCE -D_FILE_OFFSET_BITS=64  -Os  -D_LARGEFILE_SOURCE -D_LARGEFILE64_SOURCE -D_FILE_OFFSET_BITS=64 conftest.c >&5
configure:13391: $? = 0
configure:13391: result: yes
configure:13399: checking whether CLOCK_MONOTONIC is declared
configure:13399: /home/qe/px3-se/buildroot/output/host/usr/bin/aarch64-rockchip-linux-gnu-gcc -c -D_LARGEFILE_SOURCE -D_LARGEFILE64_SOURCE -D_FILE_OFFSET_BITS=64  -Os  -D_LARGEFILE_SOURCE -D_LARGEFILE64_SOURCE -D_FILE_OFFSET_BITS=64 conftest.c >&5
configure:13399: $? = 0
configure:13399: result: yes
configure:13409: checking execinfo.h usability
configure:13409: /home/qe/px3-se/buildroot/output/host/usr/bin/aarch64-rockchip-linux-gnu-gcc -c -D_LARGEFILE_SOURCE -D_LARGEFILE64_SOURCE -D_FILE_OFFSET_BITS=64  -Os  -D_LARGEFILE_SOURCE -D_LARGEFILE64_SOURCE -D_FILE_OFFSET_BITS=64 conftest.c >&5
configure:13409: $? = 0
configure:13409: result: yes
configure:13409: checking execinfo.h presence
configure:13409: /home/qe/px3-se/buildroot/output/host/usr/bin/aarch64-rockchip-linux-gnu-cpp -D_LARGEFILE_SOURCE -D_LARGEFILE64_SOURCE -D_FILE_OFFSET_BITS=64 conftest.c
configure:13409: $? = 0
configure:13409: result: yes
configure:13409: checking for execinfo.h
configure:13409: result: yes
configure:13423: checking for mkostemp
configure:13423: /home/qe/px3-se/buildroot/output/host/usr/bin/aarch64-rockchip-linux-gnu-gcc -o conftest -D_LARGEFILE_SOURCE -D_LARGEFILE64_SOURCE -D_FILE_OFFSET_BITS=64  -Os  -D_LARGEFILE_SOURCE -D_LARGEFILE64_SOURCE -D_FILE_OFFSET_BITS=64  conftest.c  >&5
configure:13423: $? = 0
configure:13423: result: yes
configure:13423: checking for strchrnul
configure:13423: /home/qe/px3-se/buildroot/output/host/usr/bin/aarch64-rockchip-linux-gnu-gcc -o conftest -D_LARGEFILE_SOURCE -D_LARGEFILE64_SOURCE -D_FILE_OFFSET_BITS=64  -Os  -D_LARGEFILE_SOURCE -D_LARGEFILE64_SOURCE -D_FILE_OFFSET_BITS=64  conftest.c  >&5
configure:13423: $? = 0
configure:13423: result: yes
configure:13423: checking for initgroups
configure:13423: /home/qe/px3-se/buildroot/output/host/usr/bin/aarch64-rockchip-linux-gnu-gcc -o conftest -D_LARGEFILE_SOURCE -D_LARGEFILE64_SOURCE -D_FILE_OFFSET_BITS=64  -Os  -D_LARGEFILE_SOURCE -D_LARGEFILE64_SOURCE -D_FILE_OFFSET_BITS=64  conftest.c  >&5
configure:13423: $? = 0
configure:13423: result: yes
configure:13423: checking for posix_fallocate
configure:13423: /home/qe/px3-se/buildroot/output/host/usr/bin/aarch64-rockchip-linux-gnu-gcc -o conftest -D_LARGEFILE_SOURCE -D_LARGEFILE64_SOURCE -D_FILE_OFFSET_BITS=64  -Os  -D_LARGEFILE_SOURCE -D_LARGEFILE64_SOURCE -D_FILE_OFFSET_BITS=64  conftest.c  >&5
configure:13423: $? = 0
configure:13423: result: yes
configure:13527: checking for EGL
configure:13534: $PKG_CONFIG --exists --print-errors "egl glesv2"
configure:13537: $? = 0
configure:13551: $PKG_CONFIG --exists --print-errors "egl glesv2"
configure:13554: $? = 0
configure:13612: result: yes
configure:13618: checking for EGL_TESTS
configure:13625: $PKG_CONFIG --exists --print-errors "egl glesv2 wayland-client wayland-egl"
configure:13628: $? = 0
configure:13642: $PKG_CONFIG --exists --print-errors "egl glesv2 wayland-client wayland-egl"
configure:13645: $? = 0
configure:13703: result: yes
configure:13709: checking for GL_RENDERER
configure:13716: $PKG_CONFIG --exists --print-errors "libdrm"
configure:13719: $? = 0
configure:13733: $PKG_CONFIG --exists --print-errors "libdrm"
configure:13736: $? = 0
configure:13794: result: yes
configure:13814: checking for XKBCOMMON_COMPOSE
configure:13821: $PKG_CONFIG --exists --print-errors "xkbcommon >= 0.5.0"
configure:13824: $? = 0
configure:13838: $PKG_CONFIG --exists --print-errors "xkbcommon >= 0.5.0"
configure:13841: $? = 0
configure:13879: result: yes
configure:14136: checking for LIBDRM
configure:14143: $PKG_CONFIG --exists --print-errors "libdrm"
configure:14146: $? = 0
configure:14160: $PKG_CONFIG --exists --print-errors "libdrm"
configure:14163: $? = 0
configure:14201: result: yes
configure:14514: checking for DRM_COMPOSITOR
configure:14521: $PKG_CONFIG --exists --print-errors "libudev >= 136 libdrm >= 2.4.30 gbm mtdev >= 1.1.0"
configure:14524: $? = 0
configure:14538: $PKG_CONFIG --exists --print-errors "libudev >= 136 libdrm >= 2.4.30 gbm mtdev >= 1.1.0"
configure:14541: $? = 0
configure:14599: result: yes
configure:14605: checking for DRM_COMPOSITOR_GBM
configure:14612: $PKG_CONFIG --exists --print-errors "gbm >= 10.2"
configure:14615: $? = 0
configure:14629: $PKG_CONFIG --exists --print-errors "gbm >= 10.2"
configure:14632: $? = 0
configure:14672: result: yes
configure:14683: checking for LIBINPUT_BACKEND
configure:14690: $PKG_CONFIG --exists --print-errors "libinput >= 0.8.0"
configure:14693: $? = 0
configure:14707: $PKG_CONFIG --exists --print-errors "libinput >= 0.8.0"
configure:14710: $? = 0
configure:14768: result: yes
configure:14774: checking for COMPOSITOR
configure:14781: $PKG_CONFIG --exists --print-errors "$COMPOSITOR_MODULES"
configure:14784: $? = 0
configure:14798: $PKG_CONFIG --exists --print-errors "$COMPOSITOR_MODULES"
configure:14801: $? = 0
configure:14859: result: yes
configure:14866: checking for WAYLAND_PROTOCOLS
configure:14873: $PKG_CONFIG --exists --print-errors "wayland-protocols >= 1.7"
configure:14876: $? = 0
configure:14890: $PKG_CONFIG --exists --print-errors "wayland-protocols >= 1.7"
configure:14893: $? = 0
configure:14951: result: yes
configure:14979: checking for WAYLAND_COMPOSITOR
configure:14986: $PKG_CONFIG --exists --print-errors "wayland-client >= $WAYLAND_PREREQ_VERSION wayland-cursor"
configure:14989: $? = 0
configure:15003: $PKG_CONFIG --exists --print-errors "wayland-client >= $WAYLAND_PREREQ_VERSION wayland-cursor"
configure:15006: $? = 0
configure:15064: result: yes
configure:15071: checking for WAYLAND_COMPOSITOR_EGL
configure:15078: $PKG_CONFIG --exists --print-errors "wayland-egl"
configure:15081: $? = 0
configure:15095: $PKG_CONFIG --exists --print-errors "wayland-egl"
configure:15098: $? = 0
configure:15156: result: yes
configure:15208: checking for FBDEV_COMPOSITOR
configure:15215: $PKG_CONFIG --exists --print-errors "libudev >= 136 mtdev >= 1.1.0"
configure:15218: $? = 0
configure:15232: $PKG_CONFIG --exists --print-errors "libudev >= 136 mtdev >= 1.1.0"
configure:15235: $? = 0
configure:15293: result: yes
configure:15751: checking for PIXMAN
configure:15758: $PKG_CONFIG --exists --print-errors "pixman-1"
configure:15761: $? = 0
configure:15775: $PKG_CONFIG --exists --print-errors "pixman-1"
configure:15778: $? = 0
configure:15836: result: yes
configure:15842: checking for PNG
configure:15849: $PKG_CONFIG --exists --print-errors "libpng"
configure:15852: $? = 0
configure:15866: $PKG_CONFIG --exists --print-errors "libpng"
configure:15869: $? = 0
configure:15927: result: yes
configure:15941: checking for library containing jpeg_CreateDecompress
configure:15972: /home/qe/px3-se/buildroot/output/host/usr/bin/aarch64-rockchip-linux-gnu-gcc -o conftest -D_LARGEFILE_SOURCE -D_LARGEFILE64_SOURCE -D_FILE_OFFSET_BITS=64  -Os  -D_LARGEFILE_SOURCE -D_LARGEFILE64_SOURCE -D_FILE_OFFSET_BITS=64  conftest.c  >&5
/tmp/ccIh4egP.o: In function `main':
conftest.c:(.text.startup+0x8): undefined reference to `jpeg_CreateDecompress'
collect2: error: ld returned 1 exit status
configure:15972: $? = 1
configure: failed program was:
| /* confdefs.h */
| #define PACKAGE_NAME "weston"
| #define PACKAGE_TARNAME "weston"
| #define PACKAGE_VERSION "2.0.0"
| #define PACKAGE_STRING "weston 2.0.0"
| #define PACKAGE_BUGREPORT "https://bugs.freedesktop.org/enter_bug.cgi?product=Wayland&component=weston&version=2.0.0"
| #define PACKAGE_URL "http://wayland.freedesktop.org"
| #define STDC_HEADERS 1
| #define HAVE_SYS_TYPES_H 1
| #define HAVE_SYS_STAT_H 1
| #define HAVE_STDLIB_H 1
| #define HAVE_STRING_H 1
| #define HAVE_MEMORY_H 1
| #define HAVE_STRINGS_H 1
| #define HAVE_INTTYPES_H 1
| #define HAVE_STDINT_H 1
| #define HAVE_UNISTD_H 1
| #define __EXTENSIONS__ 1
| #define _ALL_SOURCE 1
| #define _GNU_SOURCE 1
| #define _POSIX_PTHREAD_SEMANTICS 1
| #define _TANDEM_SOURCE 1
| #define PACKAGE "weston"
| #define VERSION "2.0.0"
| #define HAVE_DLFCN_H 1
| #define LT_OBJDIR ".libs/"
| #define HAVE_EXECINFO_H 1
| #define HAVE_MKOSTEMP 1
| #define HAVE_STRCHRNUL 1
| #define HAVE_INITGROUPS 1
| #define HAVE_POSIX_FALLOCATE 1
| #define ENABLE_EGL 1
| #define ENABLE_XKBCOMMON 1
| #define HAVE_XKBCOMMON_COMPOSE 1
| #define HAVE_LIBDRM 1
| #define BUILD_DRM_COMPOSITOR 1
| #define HAVE_GBM_FD_IMPORT 1
| #define BUILD_WAYLAND_COMPOSITOR 1
| #define BUILD_FBDEV_COMPOSITOR 1
| /* end confdefs.h.  */
| 
| /* Override any GCC internal prototype to avoid an error.
|    Use char because int might match the return type of a GCC
|    builtin and then its argument prototype would still apply.  */
| #ifdef __cplusplus
| extern "C"
| #endif
| char jpeg_CreateDecompress ();
| int
| main ()
| {
| return jpeg_CreateDecompress ();
|   ;
|   return 0;
| }
configure:15972: /home/qe/px3-se/buildroot/output/host/usr/bin/aarch64-rockchip-linux-gnu-gcc -o conftest -D_LARGEFILE_SOURCE -D_LARGEFILE64_SOURCE -D_FILE_OFFSET_BITS=64  -Os  -D_LARGEFILE_SOURCE -D_LARGEFILE64_SOURCE -D_FILE_OFFSET_BITS=64  conftest.c -ljpeg   >&5
configure:15972: $? = 0
configure:15989: result: -ljpeg
configure:16033: checking for WEBP
configure:16040: $PKG_CONFIG --exists --print-errors "libwebp"
Package libwebp was not found in the pkg-config search path.
Perhaps you should add the directory containing `libwebp.pc'
to the PKG_CONFIG_PATH environment variable
Package 'libwebp', required by 'world', not found
configure:16043: $? = 1
configure:16057: $PKG_CONFIG --exists --print-errors "libwebp"
Package libwebp was not found in the pkg-config search path.
Perhaps you should add the directory containing `libwebp.pc'
to the PKG_CONFIG_PATH environment variable
Package 'libwebp', required by 'world', not found
configure:16060: $? = 1
configure:16074: result: no
Package libwebp was not found in the pkg-config search path.
Perhaps you should add the directory containing `libwebp.pc'
to the PKG_CONFIG_PATH environment variable
Package 'libwebp', required by 'world', not found
configure:16215: checking for CAIRO
configure:16222: $PKG_CONFIG --exists --print-errors "cairo"
configure:16225: $? = 0
configure:16239: $PKG_CONFIG --exists --print-errors "cairo"
configure:16242: $? = 0
configure:16300: result: yes
configure:16307: checking for TEST_CLIENT
configure:16314: $PKG_CONFIG --exists --print-errors "wayland-client >= $WAYLAND_PREREQ_VERSION pixman-1"
configure:16317: $? = 0
configure:16331: $PKG_CONFIG --exists --print-errors "wayland-client >= $WAYLAND_PREREQ_VERSION pixman-1"
configure:16334: $? = 0
configure:16392: result: yes
configure:16415: checking for SIMPLE_CLIENT
configure:16422: $PKG_CONFIG --exists --print-errors "wayland-client"
configure:16425: $? = 0
configure:16439: $PKG_CONFIG --exists --print-errors "wayland-client"
configure:16442: $? = 0
configure:16500: result: yes
configure:16524: checking for SIMPLE_EGL_CLIENT
configure:16531: $PKG_CONFIG --exists --print-errors "egl glesv2 wayland-client wayland-egl wayland-cursor"
configure:16534: $? = 0
configure:16548: $PKG_CONFIG --exists --print-errors "egl glesv2 wayland-client wayland-egl wayland-cursor"
configure:16551: $? = 0
configure:16609: result: yes
configure:16625: checking for SIMPLE_DMABUF_INTEL_CLIENT
configure:16632: $PKG_CONFIG --exists --print-errors "wayland-client libdrm libdrm_intel"
Package libdrm_intel was not found in the pkg-config search path.
Perhaps you should add the directory containing `libdrm_intel.pc'
to the PKG_CONFIG_PATH environment variable
Package 'libdrm_intel', required by 'world', not found
configure:16635: $? = 1
configure:16649: $PKG_CONFIG --exists --print-errors "wayland-client libdrm libdrm_intel"
Package libdrm_intel was not found in the pkg-config search path.
Perhaps you should add the directory containing `libdrm_intel.pc'
to the PKG_CONFIG_PATH environment variable
Package 'libdrm_intel', required by 'world', not found
configure:16652: $? = 1
configure:16666: result: no
Package libdrm_intel was not found in the pkg-config search path.
Perhaps you should add the directory containing `libdrm_intel.pc'
to the PKG_CONFIG_PATH environment variable
Package 'libdrm_intel', required by 'world', not found
configure:16718: checking for SIMPLE_DMABUF_V4L_CLIENT
configure:16725: $PKG_CONFIG --exists --print-errors "wayland-client libdrm"
configure:16728: $? = 0
configure:16742: $PKG_CONFIG --exists --print-errors "wayland-client libdrm"
configure:16745: $? = 0
configure:16783: result: yes
configure:16824: checking for CLIENT
configure:16831: $PKG_CONFIG --exists --print-errors "wayland-client >= $WAYLAND_PREREQ_VERSION cairo >= 1.10.0 xkbcommon wayland-cursor"
configure:16834: $? = 0
configure:16848: $PKG_CONFIG --exists --print-errors "wayland-client >= $WAYLAND_PREREQ_VERSION cairo >= 1.10.0 xkbcommon wayland-cursor"
configure:16851: $? = 0
configure:16909: result: yes
configure:16915: checking for SERVER
configure:16922: $PKG_CONFIG --exists --print-errors "wayland-server"
configure:16925: $? = 0
configure:16939: $PKG_CONFIG --exists --print-errors "wayland-server"
configure:16942: $? = 0
configure:17000: result: yes
configure:17006: checking for WESTON_INFO
configure:17013: $PKG_CONFIG --exists --print-errors "wayland-client >= $WAYLAND_PREREQ_VERSION"
configure:17016: $? = 0
configure:17030: $PKG_CONFIG --exists --print-errors "wayland-client >= $WAYLAND_PREREQ_VERSION"
configure:17033: $? = 0
configure:17091: result: yes
configure:17183: checking for PANGO
configure:17190: $PKG_CONFIG --exists --print-errors "pangocairo pango glib-2.0 >= 2.36"
Package pangocairo was not found in the pkg-config search path.
Perhaps you should add the directory containing `pangocairo.pc'
to the PKG_CONFIG_PATH environment variable
Package 'pangocairo', required by 'world', not found
Package 'pango', required by 'world', not found
configure:17193: $? = 1
configure:17207: $PKG_CONFIG --exists --print-errors "pangocairo pango glib-2.0 >= 2.36"
Package pangocairo was not found in the pkg-config search path.
Perhaps you should add the directory containing `pangocairo.pc'
to the PKG_CONFIG_PATH environment variable
Package 'pangocairo', required by 'world', not found
Package 'pango', required by 'world', not found
configure:17210: $? = 1
configure:17224: result: no
Package pangocairo was not found in the pkg-config search path.
Perhaps you should add the directory containing `pangocairo.pc'
to the PKG_CONFIG_PATH environment variable
Package 'pangocairo', required by 'world', not found
Package 'pango', required by 'world', not found
configure:17529: checking for DBUS
configure:17536: $PKG_CONFIG --exists --print-errors "dbus-1 >= 1.6"
configure:17539: $? = 0
configure:17553: $PKG_CONFIG --exists --print-errors "dbus-1 >= 1.6"
configure:17556: $? = 0
configure:17594: result: yes
configure:17818: checking for LIBXML2
configure:17825: $PKG_CONFIG --exists --print-errors "libxml-2.0 >= 2.6"
configure:17828: $? = 0
configure:17842: $PKG_CONFIG --exists --print-errors "libxml-2.0 >= 2.6"
configure:17845: $? = 0
configure:17883: result: yes
configure:17946: checking for WCAP
configure:17953: $PKG_CONFIG --exists --print-errors "cairo"
configure:17956: $? = 0
configure:17970: $PKG_CONFIG --exists --print-errors "cairo"
configure:17973: $? = 0
configure:18031: result: yes
configure:18040: checking for SETBACKLIGHT
configure:18047: $PKG_CONFIG --exists --print-errors "libudev libdrm"
configure:18050: $? = 0
configure:18064: $PKG_CONFIG --exists --print-errors "libudev libdrm"
configure:18067: $? = 0
configure:18105: result: yes
configure:18229: Weston's native backend: drm-backend.so
configure:18240: Weston's default desktop shell client: weston-desktop-shell
configure:18365: checking for wayland-scanner
configure:18383: found /home/qe/px3-se/buildroot/output/host/usr/bin/wayland-scanner
configure:18395: result: /home/qe/px3-se/buildroot/output/host/usr/bin/wayland-scanner
configure:18738: checking that generated files are newer than configure
configure:18744: result: done
configure:18915: creating ./config.status

## ---------------------- ##
## Running config.status. ##
## ---------------------- ##

This file was extended by weston config.status 2.0.0, which was
generated by GNU Autoconf 2.69.  Invocation command line was

  CONFIG_FILES    = 
  CONFIG_HEADERS  = 
  CONFIG_LINKS    = 
  CONFIG_COMMANDS = 
  $ ./config.status 

on svr166

config.status:1320: creating doc/doxygen/tools.doxygen
config.status:1320: creating doc/doxygen/tooldev.doxygen
config.status:1320: creating Makefile
config.status:1320: creating libweston/version.h
config.status:1320: creating compositor/weston.pc
config.status:1320: creating libweston/libweston-2.pc
config.status:1320: creating libweston-desktop/libweston-desktop-2.pc
config.status:1320: creating config.h
config.status:1501: config.h is unchanged
config.status:1549: executing depfiles commands
config.status:1549: executing libtool commands
configure:21142: WARNING: unrecognized options: --disable-gtk-doc, --disable-gtk-doc-html, --disable-doc, --disable-docs, --disable-documentation, --with-xmlto, --with-fop, --enable-ipv6, --with-dtddir
configure:21190: result:
	Native Backend			drm-backend.so
	setuid Install			no

	Cairo Renderer			image
	EGL				yes
	libxkbcommon			yes
	xcb_xkb				no
	XWayland			no
	dbus				yes

	ivi-shell			yes

	Build wcap utility		yes
	Build Fullscreen Shell		yes
	Enable developer documentation	no

	weston-launch utility		no
	systemd-login support		no
	systemd notify support		no

	DRM Compositor			yes
	X11 Compositor			no
	Wayland Compositor		yes
	Headless Compositor		no
	FBDEV Compositor		yes
	RDP Compositor			no
	Screen Sharing			no
	JUnit XML output		yes

	Build Clients			yes
	Build EGL Clients		no
	Build Simple Clients		yes
	Build Simple EGL Clients	yes

	Install Demo Clients		yes

	Colord Support			no
	LCMS2 Support			no
	libjpeg Support			yes
	libwebp Support			no
	libunwind Support		no
	VA H.264 encoding Support	no


## ---------------- ##
## Cache variables. ##
## ---------------- ##

ac_cv_build=x86_64-pc-linux-gnu
ac_cv_c_bigendian=no
ac_cv_c_compiler_gnu=yes
ac_cv_env_CAIRO_CFLAGS_set=
ac_cv_env_CAIRO_CFLAGS_value=
ac_cv_env_CAIRO_EGL_CFLAGS_set=
ac_cv_env_CAIRO_EGL_CFLAGS_value=
ac_cv_env_CAIRO_EGL_LIBS_set=
ac_cv_env_CAIRO_EGL_LIBS_value=
ac_cv_env_CAIRO_LIBS_set=
ac_cv_env_CAIRO_LIBS_value=
ac_cv_env_CC_set=set
ac_cv_env_CC_value=/home/qe/px3-se/buildroot/output/host/usr/bin/aarch64-rockchip-linux-gnu-gcc
ac_cv_env_CFLAGS_set=set
ac_cv_env_CFLAGS_value='-D_LARGEFILE_SOURCE -D_LARGEFILE64_SOURCE -D_FILE_OFFSET_BITS=64  -Os '
ac_cv_env_CLIENT_CFLAGS_set=
ac_cv_env_CLIENT_CFLAGS_value=
ac_cv_env_CLIENT_LIBS_set=
ac_cv_env_CLIENT_LIBS_value=
ac_cv_env_COLORD_CFLAGS_set=
ac_cv_env_COLORD_CFLAGS_value=
ac_cv_env_COLORD_LIBS_set=
ac_cv_env_COLORD_LIBS_value=
ac_cv_env_COMPOSITOR_CFLAGS_set=
ac_cv_env_COMPOSITOR_CFLAGS_value=
ac_cv_env_COMPOSITOR_LIBS_set=
ac_cv_env_COMPOSITOR_LIBS_value=
ac_cv_env_CPPFLAGS_set=set
ac_cv_env_CPPFLAGS_value='-D_LARGEFILE_SOURCE -D_LARGEFILE64_SOURCE -D_FILE_OFFSET_BITS=64'
ac_cv_env_CPP_set=set
ac_cv_env_CPP_value=/home/qe/px3-se/buildroot/output/host/usr/bin/aarch64-rockchip-linux-gnu-cpp
ac_cv_env_DBUS_CFLAGS_set=
ac_cv_env_DBUS_CFLAGS_value=
ac_cv_env_DBUS_LIBS_set=
ac_cv_env_DBUS_LIBS_value=
ac_cv_env_DRM_COMPOSITOR_CFLAGS_set=
ac_cv_env_DRM_COMPOSITOR_CFLAGS_value=
ac_cv_env_DRM_COMPOSITOR_GBM_CFLAGS_set=
ac_cv_env_DRM_COMPOSITOR_GBM_CFLAGS_value=
ac_cv_env_DRM_COMPOSITOR_GBM_LIBS_set=
ac_cv_env_DRM_COMPOSITOR_GBM_LIBS_value=
ac_cv_env_DRM_COMPOSITOR_LIBS_set=
ac_cv_env_DRM_COMPOSITOR_LIBS_value=
ac_cv_env_EGL_CFLAGS_set=
ac_cv_env_EGL_CFLAGS_value=
ac_cv_env_EGL_LIBS_set=
ac_cv_env_EGL_LIBS_value=
ac_cv_env_EGL_TESTS_CFLAGS_set=
ac_cv_env_EGL_TESTS_CFLAGS_value=
ac_cv_env_EGL_TESTS_LIBS_set=
ac_cv_env_EGL_TESTS_LIBS_value=
ac_cv_env_FBDEV_COMPOSITOR_CFLAGS_set=
ac_cv_env_FBDEV_COMPOSITOR_CFLAGS_value=
ac_cv_env_FBDEV_COMPOSITOR_LIBS_set=
ac_cv_env_FBDEV_COMPOSITOR_LIBS_value=
ac_cv_env_GL_RENDERER_CFLAGS_set=
ac_cv_env_GL_RENDERER_CFLAGS_value=
ac_cv_env_GL_RENDERER_LIBS_set=
ac_cv_env_GL_RENDERER_LIBS_value=
ac_cv_env_LCMS_CFLAGS_set=
ac_cv_env_LCMS_CFLAGS_value=
ac_cv_env_LCMS_LIBS_set=
ac_cv_env_LCMS_LIBS_value=
ac_cv_env_LDFLAGS_set=set
ac_cv_env_LDFLAGS_value=
ac_cv_env_LIBDRM_CFLAGS_set=
ac_cv_env_LIBDRM_CFLAGS_value=
ac_cv_env_LIBDRM_LIBS_set=
ac_cv_env_LIBDRM_LIBS_value=
ac_cv_env_LIBINPUT_BACKEND_CFLAGS_set=
ac_cv_env_LIBINPUT_BACKEND_CFLAGS_value=
ac_cv_env_LIBINPUT_BACKEND_LIBS_set=
ac_cv_env_LIBINPUT_BACKEND_LIBS_value=
ac_cv_env_LIBS_set=
ac_cv_env_LIBS_value=
ac_cv_env_LIBUNWIND_CFLAGS_set=
ac_cv_env_LIBUNWIND_CFLAGS_value=
ac_cv_env_LIBUNWIND_LIBS_set=
ac_cv_env_LIBUNWIND_LIBS_value=
ac_cv_env_LIBVA_CFLAGS_set=
ac_cv_env_LIBVA_CFLAGS_value=
ac_cv_env_LIBVA_LIBS_set=
ac_cv_env_LIBVA_LIBS_value=
ac_cv_env_LIBXML2_CFLAGS_set=
ac_cv_env_LIBXML2_CFLAGS_value=
ac_cv_env_LIBXML2_LIBS_set=
ac_cv_env_LIBXML2_LIBS_value=
ac_cv_env_PANGO_CFLAGS_set=
ac_cv_env_PANGO_CFLAGS_value=
ac_cv_env_PANGO_LIBS_set=
ac_cv_env_PANGO_LIBS_value=
ac_cv_env_PIXMAN_CFLAGS_set=
ac_cv_env_PIXMAN_CFLAGS_value=
ac_cv_env_PIXMAN_LIBS_set=
ac_cv_env_PIXMAN_LIBS_value=
ac_cv_env_PKG_CONFIG_LIBDIR_set=
ac_cv_env_PKG_CONFIG_LIBDIR_value=
ac_cv_env_PKG_CONFIG_PATH_set=
ac_cv_env_PKG_CONFIG_PATH_value=
ac_cv_env_PKG_CONFIG_set=set
ac_cv_env_PKG_CONFIG_value=/home/qe/px3-se/buildroot/output/host/usr/bin/pkg-config
ac_cv_env_PNG_CFLAGS_set=
ac_cv_env_PNG_CFLAGS_value=
ac_cv_env_PNG_LIBS_set=
ac_cv_env_PNG_LIBS_value=
ac_cv_env_RDP_COMPOSITOR_CFLAGS_set=
ac_cv_env_RDP_COMPOSITOR_CFLAGS_value=
ac_cv_env_RDP_COMPOSITOR_LIBS_set=
ac_cv_env_RDP_COMPOSITOR_LIBS_value=
ac_cv_env_SCREEN_SHARE_CFLAGS_set=
ac_cv_env_SCREEN_SHARE_CFLAGS_value=
ac_cv_env_SCREEN_SHARE_LIBS_set=
ac_cv_env_SCREEN_SHARE_LIBS_value=
ac_cv_env_SERVER_CFLAGS_set=
ac_cv_env_SERVER_CFLAGS_value=
ac_cv_env_SERVER_LIBS_set=
ac_cv_env_SERVER_LIBS_value=
ac_cv_env_SETBACKLIGHT_CFLAGS_set=
ac_cv_env_SETBACKLIGHT_CFLAGS_value=
ac_cv_env_SETBACKLIGHT_LIBS_set=
ac_cv_env_SETBACKLIGHT_LIBS_value=
ac_cv_env_SIMPLE_CLIENT_CFLAGS_set=
ac_cv_env_SIMPLE_CLIENT_CFLAGS_value=
ac_cv_env_SIMPLE_CLIENT_LIBS_set=
ac_cv_env_SIMPLE_CLIENT_LIBS_value=
ac_cv_env_SIMPLE_DMABUF_INTEL_CLIENT_CFLAGS_set=
ac_cv_env_SIMPLE_DMABUF_INTEL_CLIENT_CFLAGS_value=
ac_cv_env_SIMPLE_DMABUF_INTEL_CLIENT_LIBS_set=
ac_cv_env_SIMPLE_DMABUF_INTEL_CLIENT_LIBS_value=
ac_cv_env_SIMPLE_DMABUF_V4L_CLIENT_CFLAGS_set=
ac_cv_env_SIMPLE_DMABUF_V4L_CLIENT_CFLAGS_value=
ac_cv_env_SIMPLE_DMABUF_V4L_CLIENT_LIBS_set=
ac_cv_env_SIMPLE_DMABUF_V4L_CLIENT_LIBS_value=
ac_cv_env_SIMPLE_EGL_CLIENT_CFLAGS_set=
ac_cv_env_SIMPLE_EGL_CLIENT_CFLAGS_value=
ac_cv_env_SIMPLE_EGL_CLIENT_LIBS_set=
ac_cv_env_SIMPLE_EGL_CLIENT_LIBS_value=
ac_cv_env_SYSTEMD_DAEMON_CFLAGS_set=
ac_cv_env_SYSTEMD_DAEMON_CFLAGS_value=
ac_cv_env_SYSTEMD_DAEMON_LIBS_set=
ac_cv_env_SYSTEMD_DAEMON_LIBS_value=
ac_cv_env_SYSTEMD_LOGIN_CFLAGS_set=
ac_cv_env_SYSTEMD_LOGIN_CFLAGS_value=
ac_cv_env_SYSTEMD_LOGIN_LIBS_set=
ac_cv_env_SYSTEMD_LOGIN_LIBS_value=
ac_cv_env_TEST_CLIENT_CFLAGS_set=
ac_cv_env_TEST_CLIENT_CFLAGS_value=
ac_cv_env_TEST_CLIENT_LIBS_set=
ac_cv_env_TEST_CLIENT_LIBS_value=
ac_cv_env_WAYLAND_COMPOSITOR_CFLAGS_set=
ac_cv_env_WAYLAND_COMPOSITOR_CFLAGS_value=
ac_cv_env_WAYLAND_COMPOSITOR_EGL_CFLAGS_set=
ac_cv_env_WAYLAND_COMPOSITOR_EGL_CFLAGS_value=
ac_cv_env_WAYLAND_COMPOSITOR_EGL_LIBS_set=
ac_cv_env_WAYLAND_COMPOSITOR_EGL_LIBS_value=
ac_cv_env_WAYLAND_COMPOSITOR_LIBS_set=
ac_cv_env_WAYLAND_COMPOSITOR_LIBS_value=
ac_cv_env_WAYLAND_PROTOCOLS_CFLAGS_set=
ac_cv_env_WAYLAND_PROTOCOLS_CFLAGS_value=
ac_cv_env_WAYLAND_PROTOCOLS_LIBS_set=
ac_cv_env_WAYLAND_PROTOCOLS_LIBS_value=
ac_cv_env_WAYLAND_SCANNER_CFLAGS_set=
ac_cv_env_WAYLAND_SCANNER_CFLAGS_value=
ac_cv_env_WAYLAND_SCANNER_LIBS_set=
ac_cv_env_WAYLAND_SCANNER_LIBS_value=
ac_cv_env_WCAP_CFLAGS_set=
ac_cv_env_WCAP_CFLAGS_value=
ac_cv_env_WCAP_LIBS_set=
ac_cv_env_WCAP_LIBS_value=
ac_cv_env_WEBP_CFLAGS_set=
ac_cv_env_WEBP_CFLAGS_value=
ac_cv_env_WEBP_LIBS_set=
ac_cv_env_WEBP_LIBS_value=
ac_cv_env_WESTON_INFO_CFLAGS_set=
ac_cv_env_WESTON_INFO_CFLAGS_value=
ac_cv_env_WESTON_INFO_LIBS_set=
ac_cv_env_WESTON_INFO_LIBS_value=
ac_cv_env_WESTON_NATIVE_BACKEND_set=set
ac_cv_env_WESTON_NATIVE_BACKEND_value=drm-backend.so
ac_cv_env_WESTON_SHELL_CLIENT_set=
ac_cv_env_WESTON_SHELL_CLIENT_value=
ac_cv_env_X11_COMPOSITOR_CFLAGS_set=
ac_cv_env_X11_COMPOSITOR_CFLAGS_value=
ac_cv_env_X11_COMPOSITOR_LIBS_set=
ac_cv_env_X11_COMPOSITOR_LIBS_value=
ac_cv_env_X11_COMPOSITOR_XKB_CFLAGS_set=
ac_cv_env_X11_COMPOSITOR_XKB_CFLAGS_value=
ac_cv_env_X11_COMPOSITOR_XKB_LIBS_set=
ac_cv_env_X11_COMPOSITOR_XKB_LIBS_value=
ac_cv_env_XCB_CFLAGS_set=
ac_cv_env_XCB_CFLAGS_value=
ac_cv_env_XCB_LIBS_set=
ac_cv_env_XCB_LIBS_value=
ac_cv_env_XKBCOMMON_COMPOSE_CFLAGS_set=
ac_cv_env_XKBCOMMON_COMPOSE_CFLAGS_value=
ac_cv_env_XKBCOMMON_COMPOSE_LIBS_set=
ac_cv_env_XKBCOMMON_COMPOSE_LIBS_value=
ac_cv_env_XWAYLAND_CFLAGS_set=
ac_cv_env_XWAYLAND_CFLAGS_value=
ac_cv_env_XWAYLAND_LIBS_set=
ac_cv_env_XWAYLAND_LIBS_value=
ac_cv_env_XWAYLAND_TEST_CFLAGS_set=
ac_cv_env_XWAYLAND_TEST_CFLAGS_value=
ac_cv_env_XWAYLAND_TEST_LIBS_set=
ac_cv_env_XWAYLAND_TEST_LIBS_value=
ac_cv_env_build_alias_set=set
ac_cv_env_build_alias_value=x86_64-pc-linux-gnu
ac_cv_env_host_alias_set=set
ac_cv_env_host_alias_value=aarch64-rockchip-linux-gnu
ac_cv_env_target_alias_set=set
ac_cv_env_target_alias_value=aarch64-rockchip-linux-gnu
ac_cv_func_calloc_0_nonnull=yes
ac_cv_func_initgroups=yes
ac_cv_func_malloc_0_nonnull=yes
ac_cv_func_memcmp_working=yes
ac_cv_func_mkostemp=yes
ac_cv_func_mmap_fixed_mapped=yes
ac_cv_func_posix_fallocate=yes
ac_cv_func_realloc_0_nonnull=yes
ac_cv_func_strchrnul=yes
ac_cv_have_decl_CLOCK_MONOTONIC=yes
ac_cv_have_decl_SFD_CLOEXEC=yes
ac_cv_have_decl_TFD_CLOEXEC=yes
ac_cv_have_decl_malloc=yes
ac_cv_header_dlfcn_h=yes
ac_cv_header_execinfo_h=yes
ac_cv_header_inttypes_h=yes
ac_cv_header_memory_h=yes
ac_cv_header_minix_config_h=no
ac_cv_header_stdc=yes
ac_cv_header_stdint_h=yes
ac_cv_header_stdlib_h=yes
ac_cv_header_string_h=yes
ac_cv_header_strings_h=yes
ac_cv_header_sys_stat_h=yes
ac_cv_header_sys_types_h=yes
ac_cv_header_unistd_h=yes
ac_cv_host=aarch64-rockchip-linux-gnu
ac_cv_lbl_unaligned_fail=yes
ac_cv_objext=o
ac_cv_path_EGREP='/bin/grep -E'
ac_cv_path_FGREP='/bin/grep -F'
ac_cv_path_GREP=/bin/grep
ac_cv_path_SED=/bin/sed
ac_cv_path_install='/usr/bin/install -c'
ac_cv_path_mkdir=/bin/mkdir
ac_cv_path_wayland_scanner=/home/qe/px3-se/buildroot/output/host/usr/bin/wayland-scanner
ac_cv_prog_AR=/home/qe/px3-se/buildroot/output/host/usr/bin/aarch64-rockchip-linux-gnu-ar
ac_cv_prog_AWK=gawk
ac_cv_prog_CC=/home/qe/px3-se/buildroot/output/host/usr/bin/aarch64-rockchip-linux-gnu-gcc
ac_cv_prog_CPP=/home/qe/px3-se/buildroot/output/host/usr/bin/aarch64-rockchip-linux-gnu-cpp
ac_cv_prog_OBJDUMP=/home/qe/px3-se/buildroot/output/host/usr/bin/aarch64-rockchip-linux-gnu-objdump
ac_cv_prog_RANLIB=/home/qe/px3-se/buildroot/output/host/usr/bin/aarch64-rockchip-linux-gnu-ranlib
ac_cv_prog_STRIP=/home/qe/px3-se/buildroot/output/host/usr/bin/aarch64-rockchip-linux-gnu-strip
ac_cv_prog_ac_ct_MANIFEST_TOOL=mt
ac_cv_prog_cc_c89=
ac_cv_prog_cc_g=yes
ac_cv_prog_make_make_set=yes
ac_cv_safe_to_define___extensions__=yes
ac_cv_search_clock_getres='none required'
ac_cv_search_clock_gettime='none required'
ac_cv_search_dlopen=-ldl
ac_cv_search_jpeg_CreateDecompress=-ljpeg
ac_cv_sys_file_offset_bits=no
ac_cv_sys_largefile_CC=no
am_cv_CC_dependencies_compiler_type=none
am_cv_make_support_nested_variables=yes
am_cv_prog_cc_c_o=yes
gl_cv_func_malloc_0_nonnull=yes
lt_cv_ar_at_file=@
lt_cv_archive_cmds_need_lc=no
lt_cv_deplibs_check_method=pass_all
lt_cv_file_magic_cmd='$MAGIC_CMD'
lt_cv_file_magic_test_file=
lt_cv_ld_reload_flag=-r
lt_cv_nm_interface='BSD nm'
lt_cv_objdir=.libs
lt_cv_path_LD=/home/qe/px3-se/buildroot/output/host/usr/bin/aarch64-rockchip-linux-gnu-ld
lt_cv_path_NM=/home/qe/px3-se/buildroot/output/host/usr/bin/aarch64-rockchip-linux-gnu-nm
lt_cv_path_mainfest_tool=no
lt_cv_prog_compiler_c_o=yes
lt_cv_prog_compiler_pic='-fPIC -DPIC'
lt_cv_prog_compiler_pic_works=yes
lt_cv_prog_compiler_rtti_exceptions=no
lt_cv_prog_compiler_static_works=yes
lt_cv_prog_gnu_ld=yes
lt_cv_sharedlib_from_linklib_cmd='printf %s\n'
lt_cv_shlibpath_overrides_runpath=no
lt_cv_sys_global_symbol_pipe='sed -n -e '\''s/^.*[	 ]\([ABCDGIRSTW][ABCDGIRSTW]*\)[	 ][	 ]*\([_A-Za-z][_A-Za-z0-9]*\)$/\1 \2 \2/p'\'' | sed '\''/ __gnu_lto/d'\'''
lt_cv_sys_global_symbol_to_c_name_address='sed -n -e '\''s/^: \([^ ]*\)[ ]*$/  {\"\1\", (void *) 0},/p'\'' -e '\''s/^[ABCDGIRSTW]* \([^ ]*\) \([^ ]*\)$/  {"\2", (void *) \&\2},/p'\'''
lt_cv_sys_global_symbol_to_c_name_address_lib_prefix='sed -n -e '\''s/^: \([^ ]*\)[ ]*$/  {\"\1\", (void *) 0},/p'\'' -e '\''s/^[ABCDGIRSTW]* \([^ ]*\) \(lib[^ ]*\)$/  {"\2", (void *) \&\2},/p'\'' -e '\''s/^[ABCDGIRSTW]* \([^ ]*\) \([^ ]*\)$/  {"lib\2", (void *) \&\2},/p'\'''
lt_cv_sys_global_symbol_to_cdecl='sed -n -e '\''s/^T .* \(.*\)$/extern int \1();/p'\'' -e '\''s/^[ABCDGIRSTW]* .* \(.*\)$/extern char \1;/p'\'''
lt_cv_sys_lib_search_path_spec=
lt_cv_sys_max_cmd_len=3458764513820540925
lt_cv_to_host_file_cmd=func_convert_file_noop
lt_cv_to_tool_file_cmd=func_convert_file_noop
pkg_cv_CAIRO_CFLAGS='-I/home/qe/px3-se/buildroot/output/host/usr/aarch64-rockchip-linux-gnu/sysroot/usr/include/cairo -I/home/qe/px3-se/buildroot/output/host/usr/aarch64-rockchip-linux-gnu/sysroot/usr/include/glib-2.0 -I/home/qe/px3-se/buildroot/output/host/usr/aarch64-rockchip-linux-gnu/sysroot/usr/lib/glib-2.0/include -I/home/qe/px3-se/buildroot/output/host/usr/aarch64-rockchip-linux-gnu/sysroot/usr/include -I/home/qe/px3-se/buildroot/output/host/usr/aarch64-rockchip-linux-gnu/sysroot/usr/include/pixman-1 -I/home/qe/px3-se/buildroot/output/host/usr/aarch64-rockchip-linux-gnu/sysroot/usr/include/freetype2  -DMESA_EGL_NO_X11_HEADERS -I/home/qe/px3-se/buildroot/output/host/usr/aarch64-rockchip-linux-gnu/sysroot/usr/include/libpng16  '
pkg_cv_CAIRO_LIBS='-L/home/qe/px3-se/buildroot/output/host/usr/aarch64-rockchip-linux-gnu/sysroot/usr/lib -lcairo  '
pkg_cv_CLIENT_CFLAGS='-I/home/qe/px3-se/buildroot/output/host/usr/aarch64-rockchip-linux-gnu/sysroot/usr/include -I/home/qe/px3-se/buildroot/output/host/usr/aarch64-rockchip-linux-gnu/sysroot/usr/include/cairo -I/home/qe/px3-se/buildroot/output/host/usr/aarch64-rockchip-linux-gnu/sysroot/usr/include/glib-2.0 -I/home/qe/px3-se/buildroot/output/host/usr/aarch64-rockchip-linux-gnu/sysroot/usr/lib/glib-2.0/include -I/home/qe/px3-se/buildroot/output/host/usr/aarch64-rockchip-linux-gnu/sysroot/usr/include/pixman-1 -I/home/qe/px3-se/buildroot/output/host/usr/aarch64-rockchip-linux-gnu/sysroot/usr/include/freetype2  -DMESA_EGL_NO_X11_HEADERS -I/home/qe/px3-se/buildroot/output/host/usr/aarch64-rockchip-linux-gnu/sysroot/usr/include/libpng16  '
pkg_cv_CLIENT_LIBS='-L/home/qe/px3-se/buildroot/output/host/usr/aarch64-rockchip-linux-gnu/sysroot/usr/lib -lwayland-client -lcairo -lxkbcommon -lwayland-cursor  '
pkg_cv_COMPOSITOR_CFLAGS='-I/home/qe/px3-se/buildroot/output/host/usr/aarch64-rockchip-linux-gnu/sysroot/usr/include -I/home/qe/px3-se/buildroot/output/host/usr/aarch64-rockchip-linux-gnu/sysroot/usr/include/pixman-1  '
pkg_cv_COMPOSITOR_LIBS='-L/home/qe/px3-se/buildroot/output/host/usr/aarch64-rockchip-linux-gnu/sysroot/usr/lib -lwayland-server -lpixman-1 -lxkbcommon  '
pkg_cv_DBUS_CFLAGS='-I/home/qe/px3-se/buildroot/output/host/usr/aarch64-rockchip-linux-gnu/sysroot/usr/include/dbus-1.0 -I/home/qe/px3-se/buildroot/output/host/usr/aarch64-rockchip-linux-gnu/sysroot/usr/lib/dbus-1.0/include  '
pkg_cv_DBUS_LIBS='-L/home/qe/px3-se/buildroot/output/host/usr/aarch64-rockchip-linux-gnu/sysroot/usr/lib -ldbus-1  '
pkg_cv_DRM_COMPOSITOR_CFLAGS='-I/home/qe/px3-se/buildroot/output/host/usr/aarch64-rockchip-linux-gnu/sysroot/usr/include -I/home/qe/px3-se/buildroot/output/host/usr/aarch64-rockchip-linux-gnu/sysroot/usr/include/libdrm  '
pkg_cv_DRM_COMPOSITOR_GBM_CFLAGS='-I/home/qe/px3-se/buildroot/output/host/usr/aarch64-rockchip-linux-gnu/sysroot/usr/include  '
pkg_cv_DRM_COMPOSITOR_GBM_LIBS='-L/home/qe/px3-se/buildroot/output/host/usr/aarch64-rockchip-linux-gnu/sysroot/usr/lib -lgbm  '
pkg_cv_DRM_COMPOSITOR_LIBS='-L/home/qe/px3-se/buildroot/output/host/usr/aarch64-rockchip-linux-gnu/sysroot/usr/lib -ludev -ldrm -lgbm -lmtdev  '
pkg_cv_EGL_CFLAGS='-I/home/qe/px3-se/buildroot/output/host/usr/aarch64-rockchip-linux-gnu/sysroot/usr/include  -DMESA_EGL_NO_X11_HEADERS  '
pkg_cv_EGL_LIBS='-L/home/qe/px3-se/buildroot/output/host/usr/aarch64-rockchip-linux-gnu/sysroot/usr/lib -lEGL -lGLESv2  '
pkg_cv_EGL_TESTS_CFLAGS='-I/home/qe/px3-se/buildroot/output/host/usr/aarch64-rockchip-linux-gnu/sysroot/usr/include  -DMESA_EGL_NO_X11_HEADERS  '
pkg_cv_EGL_TESTS_LIBS='-L/home/qe/px3-se/buildroot/output/host/usr/aarch64-rockchip-linux-gnu/sysroot/usr/lib -lEGL -lGLESv2 -lwayland-egl -lwayland-client  '
pkg_cv_FBDEV_COMPOSITOR_CFLAGS='-I/home/qe/px3-se/buildroot/output/host/usr/aarch64-rockchip-linux-gnu/sysroot/usr/include  '
pkg_cv_FBDEV_COMPOSITOR_LIBS='-L/home/qe/px3-se/buildroot/output/host/usr/aarch64-rockchip-linux-gnu/sysroot/usr/lib -ludev -lmtdev  '
pkg_cv_GL_RENDERER_CFLAGS='-I/home/qe/px3-se/buildroot/output/host/usr/aarch64-rockchip-linux-gnu/sysroot/usr/include -I/home/qe/px3-se/buildroot/output/host/usr/aarch64-rockchip-linux-gnu/sysroot/usr/include/libdrm  '
pkg_cv_GL_RENDERER_LIBS='-L/home/qe/px3-se/buildroot/output/host/usr/aarch64-rockchip-linux-gnu/sysroot/usr/lib -ldrm  '
pkg_cv_LIBDRM_CFLAGS='-I/home/qe/px3-se/buildroot/output/host/usr/aarch64-rockchip-linux-gnu/sysroot/usr/include -I/home/qe/px3-se/buildroot/output/host/usr/aarch64-rockchip-linux-gnu/sysroot/usr/include/libdrm  '
pkg_cv_LIBDRM_LIBS='-L/home/qe/px3-se/buildroot/output/host/usr/aarch64-rockchip-linux-gnu/sysroot/usr/lib -ldrm  '
pkg_cv_LIBINPUT_BACKEND_CFLAGS='-I/home/qe/px3-se/buildroot/output/host/usr/aarch64-rockchip-linux-gnu/sysroot/usr/include  '
pkg_cv_LIBINPUT_BACKEND_LIBS='-L/home/qe/px3-se/buildroot/output/host/usr/aarch64-rockchip-linux-gnu/sysroot/usr/lib -linput  '
pkg_cv_LIBXML2_CFLAGS='-I/home/qe/px3-se/buildroot/output/host/usr/aarch64-rockchip-linux-gnu/sysroot/usr/include/libxml2  '
pkg_cv_LIBXML2_LIBS='-L/home/qe/px3-se/buildroot/output/host/usr/aarch64-rockchip-linux-gnu/sysroot/usr/lib -lxml2  '
pkg_cv_PIXMAN_CFLAGS='-I/home/qe/px3-se/buildroot/output/host/usr/aarch64-rockchip-linux-gnu/sysroot/usr/include/pixman-1  '
pkg_cv_PIXMAN_LIBS='-L/home/qe/px3-se/buildroot/output/host/usr/aarch64-rockchip-linux-gnu/sysroot/usr/lib -lpixman-1  '
pkg_cv_PNG_CFLAGS='-I/home/qe/px3-se/buildroot/output/host/usr/aarch64-rockchip-linux-gnu/sysroot/usr/include/libpng16  '
pkg_cv_PNG_LIBS='-L/home/qe/px3-se/buildroot/output/host/usr/aarch64-rockchip-linux-gnu/sysroot/usr/lib -lpng16  '
pkg_cv_SERVER_CFLAGS='-I/home/qe/px3-se/buildroot/output/host/usr/aarch64-rockchip-linux-gnu/sysroot/usr/include  '
pkg_cv_SERVER_LIBS='-L/home/qe/px3-se/buildroot/output/host/usr/aarch64-rockchip-linux-gnu/sysroot/usr/lib -lwayland-server  '
pkg_cv_SETBACKLIGHT_CFLAGS='-I/home/qe/px3-se/buildroot/output/host/usr/aarch64-rockchip-linux-gnu/sysroot/usr/include -I/home/qe/px3-se/buildroot/output/host/usr/aarch64-rockchip-linux-gnu/sysroot/usr/include/libdrm  '
pkg_cv_SETBACKLIGHT_LIBS='-L/home/qe/px3-se/buildroot/output/host/usr/aarch64-rockchip-linux-gnu/sysroot/usr/lib -ludev -ldrm  '
pkg_cv_SIMPLE_CLIENT_CFLAGS='-I/home/qe/px3-se/buildroot/output/host/usr/aarch64-rockchip-linux-gnu/sysroot/usr/include  '
pkg_cv_SIMPLE_CLIENT_LIBS='-L/home/qe/px3-se/buildroot/output/host/usr/aarch64-rockchip-linux-gnu/sysroot/usr/lib -lwayland-client  '
pkg_cv_SIMPLE_DMABUF_V4L_CLIENT_CFLAGS='-I/home/qe/px3-se/buildroot/output/host/usr/aarch64-rockchip-linux-gnu/sysroot/usr/include -I/home/qe/px3-se/buildroot/output/host/usr/aarch64-rockchip-linux-gnu/sysroot/usr/include/libdrm  '
pkg_cv_SIMPLE_DMABUF_V4L_CLIENT_LIBS='-L/home/qe/px3-se/buildroot/output/host/usr/aarch64-rockchip-linux-gnu/sysroot/usr/lib -lwayland-client -ldrm  '
pkg_cv_SIMPLE_EGL_CLIENT_CFLAGS='-I/home/qe/px3-se/buildroot/output/host/usr/aarch64-rockchip-linux-gnu/sysroot/usr/include  -DMESA_EGL_NO_X11_HEADERS  '
pkg_cv_SIMPLE_EGL_CLIENT_LIBS='-L/home/qe/px3-se/buildroot/output/host/usr/aarch64-rockchip-linux-gnu/sysroot/usr/lib -lEGL -lGLESv2 -lwayland-egl -lwayland-client -lwayland-cursor  '
pkg_cv_TEST_CLIENT_CFLAGS='-I/home/qe/px3-se/buildroot/output/host/usr/aarch64-rockchip-linux-gnu/sysroot/usr/include -I/home/qe/px3-se/buildroot/output/host/usr/aarch64-rockchip-linux-gnu/sysroot/usr/include/pixman-1  '
pkg_cv_TEST_CLIENT_LIBS='-L/home/qe/px3-se/buildroot/output/host/usr/aarch64-rockchip-linux-gnu/sysroot/usr/lib -lwayland-client -lpixman-1  '
pkg_cv_WAYLAND_COMPOSITOR_CFLAGS='-I/home/qe/px3-se/buildroot/output/host/usr/aarch64-rockchip-linux-gnu/sysroot/usr/include  '
pkg_cv_WAYLAND_COMPOSITOR_EGL_CFLAGS='-I/home/qe/px3-se/buildroot/output/host/usr/aarch64-rockchip-linux-gnu/sysroot/usr/include  '
pkg_cv_WAYLAND_COMPOSITOR_EGL_LIBS='-L/home/qe/px3-se/buildroot/output/host/usr/aarch64-rockchip-linux-gnu/sysroot/usr/lib -lwayland-egl -lwayland-client  '
pkg_cv_WAYLAND_COMPOSITOR_LIBS='-L/home/qe/px3-se/buildroot/output/host/usr/aarch64-rockchip-linux-gnu/sysroot/usr/lib -lwayland-client -lwayland-cursor  '
pkg_cv_WAYLAND_PROTOCOLS_CFLAGS=' '
pkg_cv_WAYLAND_PROTOCOLS_LIBS=' '
pkg_cv_WCAP_CFLAGS='-I/home/qe/px3-se/buildroot/output/host/usr/aarch64-rockchip-linux-gnu/sysroot/usr/include/cairo -I/home/qe/px3-se/buildroot/output/host/usr/aarch64-rockchip-linux-gnu/sysroot/usr/include/glib-2.0 -I/home/qe/px3-se/buildroot/output/host/usr/aarch64-rockchip-linux-gnu/sysroot/usr/lib/glib-2.0/include -I/home/qe/px3-se/buildroot/output/host/usr/aarch64-rockchip-linux-gnu/sysroot/usr/include -I/home/qe/px3-se/buildroot/output/host/usr/aarch64-rockchip-linux-gnu/sysroot/usr/include/pixman-1 -I/home/qe/px3-se/buildroot/output/host/usr/aarch64-rockchip-linux-gnu/sysroot/usr/include/freetype2  -DMESA_EGL_NO_X11_HEADERS -I/home/qe/px3-se/buildroot/output/host/usr/aarch64-rockchip-linux-gnu/sysroot/usr/include/libpng16  '
pkg_cv_WCAP_LIBS='-L/home/qe/px3-se/buildroot/output/host/usr/aarch64-rockchip-linux-gnu/sysroot/usr/lib -lcairo  '
pkg_cv_WESTON_INFO_CFLAGS='-I/home/qe/px3-se/buildroot/output/host/usr/aarch64-rockchip-linux-gnu/sysroot/usr/include  '
pkg_cv_WESTON_INFO_LIBS='-L/home/qe/px3-se/buildroot/output/host/usr/aarch64-rockchip-linux-gnu/sysroot/usr/lib -lwayland-client  '
pkg_cv_XKBCOMMON_COMPOSE_CFLAGS='-I/home/qe/px3-se/buildroot/output/host/usr/aarch64-rockchip-linux-gnu/sysroot/usr/include  '
pkg_cv_XKBCOMMON_COMPOSE_LIBS='-L/home/qe/px3-se/buildroot/output/host/usr/aarch64-rockchip-linux-gnu/sysroot/usr/lib -lxkbcommon  '

## ----------------- ##
## Output variables. ##
## ----------------- ##

ACLOCAL='${SHELL} /home/qe/px3-se/buildroot/output/build/weston-2.0.0/build-aux/missing aclocal-1.15'
AMDEPBACKSLASH=''
AMDEP_FALSE=''
AMDEP_TRUE='#'
AMTAR='$${TAR-tar}'
AM_BACKSLASH='\'
AM_DEFAULT_V='$(AM_DEFAULT_VERBOSITY)'
AM_DEFAULT_VERBOSITY='0'
AM_V='$(V)'
AR='/home/qe/px3-se/buildroot/output/host/usr/bin/aarch64-rockchip-linux-gnu-ar'
AUTOCONF='${SHELL} /home/qe/px3-se/buildroot/output/build/weston-2.0.0/build-aux/missing autoconf'
AUTOHEADER='${SHELL} /home/qe/px3-se/buildroot/output/build/weston-2.0.0/build-aux/missing autoheader'
AUTOMAKE='${SHELL} /home/qe/px3-se/buildroot/output/build/weston-2.0.0/build-aux/missing automake-1.15'
AWK='gawk'
BUILD_CLIENTS_FALSE='#'
BUILD_CLIENTS_TRUE=''
BUILD_FULL_GL_CLIENTS_FALSE=''
BUILD_FULL_GL_CLIENTS_TRUE='#'
BUILD_SETBACKLIGHT_FALSE='#'
BUILD_SETBACKLIGHT_TRUE=''
BUILD_SIMPLE_CLIENTS_FALSE='#'
BUILD_SIMPLE_CLIENTS_TRUE=''
BUILD_SIMPLE_DMABUF_INTEL_CLIENT_FALSE=''
BUILD_SIMPLE_DMABUF_INTEL_CLIENT_TRUE='#'
BUILD_SIMPLE_DMABUF_V4L_CLIENT_FALSE='#'
BUILD_SIMPLE_DMABUF_V4L_CLIENT_TRUE=''
BUILD_SIMPLE_EGL_CLIENTS_FALSE='#'
BUILD_SIMPLE_EGL_CLIENTS_TRUE=''
BUILD_SUBSURFACES_CLIENT_FALSE='#'
BUILD_SUBSURFACES_CLIENT_TRUE=''
BUILD_WCAP_TOOLS_FALSE='#'
BUILD_WCAP_TOOLS_TRUE=''
BUILD_WESTON_LAUNCH_FALSE=''
BUILD_WESTON_LAUNCH_TRUE='#'
CAIRO_CFLAGS='-I/home/qe/px3-se/buildroot/output/host/usr/aarch64-rockchip-linux-gnu/sysroot/usr/include/cairo -I/home/qe/px3-se/buildroot/output/host/usr/aarch64-rockchip-linux-gnu/sysroot/usr/include/glib-2.0 -I/home/qe/px3-se/buildroot/output/host/usr/aarch64-rockchip-linux-gnu/sysroot/usr/lib/glib-2.0/include -I/home/qe/px3-se/buildroot/output/host/usr/aarch64-rockchip-linux-gnu/sysroot/usr/include -I/home/qe/px3-se/buildroot/output/host/usr/aarch64-rockchip-linux-gnu/sysroot/usr/include/pixman-1 -I/home/qe/px3-se/buildroot/output/host/usr/aarch64-rockchip-linux-gnu/sysroot/usr/include/freetype2  -DMESA_EGL_NO_X11_HEADERS -I/home/qe/px3-se/buildroot/output/host/usr/aarch64-rockchip-linux-gnu/sysroot/usr/include/libpng16  '
CAIRO_EGL_CFLAGS=''
CAIRO_EGL_LIBS=''
CAIRO_LIBS='-L/home/qe/px3-se/buildroot/output/host/usr/aarch64-rockchip-linux-gnu/sysroot/usr/lib -lcairo  '
CC='/home/qe/px3-se/buildroot/output/host/usr/bin/aarch64-rockchip-linux-gnu-gcc'
CCDEPMODE='depmode=none'
CFLAGS='-D_LARGEFILE_SOURCE -D_LARGEFILE64_SOURCE -D_FILE_OFFSET_BITS=64  -Os '
CLIENT_CFLAGS='-I/home/qe/px3-se/buildroot/output/host/usr/aarch64-rockchip-linux-gnu/sysroot/usr/include -I/home/qe/px3-se/buildroot/output/host/usr/aarch64-rockchip-linux-gnu/sysroot/usr/include/cairo -I/home/qe/px3-se/buildroot/output/host/usr/aarch64-rockchip-linux-gnu/sysroot/usr/include/glib-2.0 -I/home/qe/px3-se/buildroot/output/host/usr/aarch64-rockchip-linux-gnu/sysroot/usr/lib/glib-2.0/include -I/home/qe/px3-se/buildroot/output/host/usr/aarch64-rockchip-linux-gnu/sysroot/usr/include/pixman-1 -I/home/qe/px3-se/buildroot/output/host/usr/aarch64-rockchip-linux-gnu/sysroot/usr/include/freetype2  -DMESA_EGL_NO_X11_HEADERS -I/home/qe/px3-se/buildroot/output/host/usr/aarch64-rockchip-linux-gnu/sysroot/usr/include/libpng16  '
CLIENT_LIBS='-L/home/qe/px3-se/buildroot/output/host/usr/aarch64-rockchip-linux-gnu/sysroot/usr/lib -lwayland-client -lcairo -lxkbcommon -lwayland-cursor  '
CLOCK_GETRES_LIBS=''
CLOCK_GETTIME_LIBS=''
COLORD_CFLAGS=''
COLORD_LIBS=''
COMPOSITOR_CFLAGS='-I/home/qe/px3-se/buildroot/output/host/usr/aarch64-rockchip-linux-gnu/sysroot/usr/include -I/home/qe/px3-se/buildroot/output/host/usr/aarch64-rockchip-linux-gnu/sysroot/usr/include/pixman-1  '
COMPOSITOR_LIBS='-L/home/qe/px3-se/buildroot/output/host/usr/aarch64-rockchip-linux-gnu/sysroot/usr/lib -lwayland-server -lpixman-1 -lxkbcommon  '
CPP='/home/qe/px3-se/buildroot/output/host/usr/bin/aarch64-rockchip-linux-gnu-cpp'
CPPFLAGS='-D_LARGEFILE_SOURCE -D_LARGEFILE64_SOURCE -D_FILE_OFFSET_BITS=64'
CYGPATH_W='echo'
DBUS_CFLAGS='-I/home/qe/px3-se/buildroot/output/host/usr/aarch64-rockchip-linux-gnu/sysroot/usr/include/dbus-1.0 -I/home/qe/px3-se/buildroot/output/host/usr/aarch64-rockchip-linux-gnu/sysroot/usr/lib/dbus-1.0/include  '
DBUS_LIBS='-L/home/qe/px3-se/buildroot/output/host/usr/aarch64-rockchip-linux-gnu/sysroot/usr/lib -ldbus-1  '
DEFS='-DHAVE_CONFIG_H'
DEPDIR='.deps'
DLLTOOL='false'
DLOPEN_LIBS='-ldl'
DOXYGEN=''
DRM_COMPOSITOR_CFLAGS='-I/home/qe/px3-se/buildroot/output/host/usr/aarch64-rockchip-linux-gnu/sysroot/usr/include -I/home/qe/px3-se/buildroot/output/host/usr/aarch64-rockchip-linux-gnu/sysroot/usr/include/libdrm  '
DRM_COMPOSITOR_GBM_CFLAGS='-I/home/qe/px3-se/buildroot/output/host/usr/aarch64-rockchip-linux-gnu/sysroot/usr/include  '
DRM_COMPOSITOR_GBM_LIBS='-L/home/qe/px3-se/buildroot/output/host/usr/aarch64-rockchip-linux-gnu/sysroot/usr/lib -lgbm  '
DRM_COMPOSITOR_LIBS='-L/home/qe/px3-se/buildroot/output/host/usr/aarch64-rockchip-linux-gnu/sysroot/usr/lib -ludev -ldrm -lgbm -lmtdev  '
DSYMUTIL=''
DUMPBIN=''
ECHO_C=''
ECHO_N='-n'
ECHO_T=''
EGL_CFLAGS='-I/home/qe/px3-se/buildroot/output/host/usr/aarch64-rockchip-linux-gnu/sysroot/usr/include  -DMESA_EGL_NO_X11_HEADERS  '
EGL_LIBS='-L/home/qe/px3-se/buildroot/output/host/usr/aarch64-rockchip-linux-gnu/sysroot/usr/lib -lEGL -lGLESv2  '
EGL_TESTS_CFLAGS='-I/home/qe/px3-se/buildroot/output/host/usr/aarch64-rockchip-linux-gnu/sysroot/usr/include  -DMESA_EGL_NO_X11_HEADERS  '
EGL_TESTS_LIBS='-L/home/qe/px3-se/buildroot/output/host/usr/aarch64-rockchip-linux-gnu/sysroot/usr/lib -lEGL -lGLESv2 -lwayland-egl -lwayland-client  '
EGREP='/bin/grep -E'
ENABLE_COLORD_FALSE=''
ENABLE_COLORD_TRUE='#'
ENABLE_DBUS_FALSE='#'
ENABLE_DBUS_TRUE=''
ENABLE_DESKTOP_SHELL_FALSE='#'
ENABLE_DESKTOP_SHELL_TRUE=''
ENABLE_DEVDOCS_FALSE=''
ENABLE_DEVDOCS_TRUE='#'
ENABLE_DRM_COMPOSITOR_FALSE='#'
ENABLE_DRM_COMPOSITOR_TRUE=''
ENABLE_EGL_FALSE='#'
ENABLE_EGL_TRUE=''
ENABLE_FBDEV_COMPOSITOR_FALSE='#'
ENABLE_FBDEV_COMPOSITOR_TRUE=''
ENABLE_FULLSCREEN_SHELL_FALSE='#'
ENABLE_FULLSCREEN_SHELL_TRUE=''
ENABLE_HEADLESS_COMPOSITOR_FALSE=''
ENABLE_HEADLESS_COMPOSITOR_TRUE='#'
ENABLE_IVI_SHELL_FALSE='#'
ENABLE_IVI_SHELL_TRUE=''
ENABLE_JUNIT_XML_FALSE='#'
ENABLE_JUNIT_XML_TRUE=''
ENABLE_RDP_COMPOSITOR_FALSE=''
ENABLE_RDP_COMPOSITOR_TRUE='#'
ENABLE_SCREEN_SHARING_FALSE=''
ENABLE_SCREEN_SHARING_TRUE='#'
ENABLE_SETUID_INSTALL_FALSE=''
ENABLE_SETUID_INSTALL_TRUE='#'
ENABLE_VAAPI_RECORDER_FALSE=''
ENABLE_VAAPI_RECORDER_TRUE='#'
ENABLE_WAYLAND_COMPOSITOR_FALSE='#'
ENABLE_WAYLAND_COMPOSITOR_TRUE=''
ENABLE_X11_COMPOSITOR_FALSE=''
ENABLE_X11_COMPOSITOR_TRUE='#'
ENABLE_XWAYLAND_FALSE=''
ENABLE_XWAYLAND_TEST_FALSE=''
ENABLE_XWAYLAND_TEST_TRUE='#'
ENABLE_XWAYLAND_TRUE='#'
EXEEXT=''
FBDEV_COMPOSITOR_CFLAGS='-I/home/qe/px3-se/buildroot/output/host/usr/aarch64-rockchip-linux-gnu/sysroot/usr/include  '
FBDEV_COMPOSITOR_LIBS='-L/home/qe/px3-se/buildroot/output/host/usr/aarch64-rockchip-linux-gnu/sysroot/usr/lib -ludev -lmtdev  '
FGREP='/bin/grep -F'
GCC_CFLAGS='-Wall -Wextra -Wno-unused-parameter 		-Wno-shift-negative-value -Wno-missing-field-initializers 		-g -fvisibility=hidden 		-Wstrict-prototypes -Wmissing-prototypes -Wsign-compare'
GL_RENDERER_CFLAGS='-I/home/qe/px3-se/buildroot/output/host/usr/aarch64-rockchip-linux-gnu/sysroot/usr/include -I/home/qe/px3-se/buildroot/output/host/usr/aarch64-rockchip-linux-gnu/sysroot/usr/include/libdrm  '
GL_RENDERER_LIBS='-L/home/qe/px3-se/buildroot/output/host/usr/aarch64-rockchip-linux-gnu/sysroot/usr/lib -ldrm  '
GREP='/bin/grep'
HAVE_CAIRO_GLESV2_FALSE=''
HAVE_CAIRO_GLESV2_TRUE='#'
HAVE_GIT_REPO_FALSE=''
HAVE_GIT_REPO_TRUE='#'
HAVE_LCMS_FALSE=''
HAVE_LCMS_TRUE='#'
HAVE_LIBUNWIND_FALSE=''
HAVE_LIBUNWIND_TRUE='#'
HAVE_PANGO_FALSE=''
HAVE_PANGO_TRUE='#'
HAVE_SYSTEMD_LOGIN_FALSE=''
HAVE_SYSTEMD_LOGIN_TRUE='#'
INSTALL_DATA='${INSTALL} -m 644'
INSTALL_DEMO_CLIENTS_FALSE='#'
INSTALL_DEMO_CLIENTS_TRUE=''
INSTALL_PROGRAM='${INSTALL}'
INSTALL_SCRIPT='${INSTALL}'
INSTALL_STRIP_PROGRAM='$(install_sh) -c -s'
JPEG_LIBS='-ljpeg'
LCMS_CFLAGS=''
LCMS_LIBS=''
LD='/home/qe/px3-se/buildroot/output/host/usr/bin/aarch64-rockchip-linux-gnu-ld'
LDFLAGS=''
LIBDRM_CFLAGS='-I/home/qe/px3-se/buildroot/output/host/usr/aarch64-rockchip-linux-gnu/sysroot/usr/include -I/home/qe/px3-se/buildroot/output/host/usr/aarch64-rockchip-linux-gnu/sysroot/usr/include/libdrm  '
LIBDRM_LIBS='-L/home/qe/px3-se/buildroot/output/host/usr/aarch64-rockchip-linux-gnu/sysroot/usr/lib -ldrm  '
LIBINPUT_BACKEND_CFLAGS='-I/home/qe/px3-se/buildroot/output/host/usr/aarch64-rockchip-linux-gnu/sysroot/usr/include  '
LIBINPUT_BACKEND_LIBS='-L/home/qe/px3-se/buildroot/output/host/usr/aarch64-rockchip-linux-gnu/sysroot/usr/lib -linput  '
LIBOBJS=''
LIBS=''
LIBTOOL='$(SHELL) $(top_builddir)/libtool'
LIBUNWIND_CFLAGS=''
LIBUNWIND_LIBS=''
LIBVA_CFLAGS=''
LIBVA_LIBS=''
LIBWESTON_MAJOR='2'
LIBXML2_CFLAGS='-I/home/qe/px3-se/buildroot/output/host/usr/aarch64-rockchip-linux-gnu/sysroot/usr/include/libxml2  '
LIBXML2_LIBS='-L/home/qe/px3-se/buildroot/output/host/usr/aarch64-rockchip-linux-gnu/sysroot/usr/lib -lxml2  '
LIPO=''
LN_S='ln -s'
LTLIBOBJS=''
LT_VERSION_INFO='0:0:0'
MAKEINFO='${SHELL} /home/qe/px3-se/buildroot/output/build/weston-2.0.0/build-aux/missing makeinfo'
MANIFEST_TOOL=':'
MKDIR_P='/bin/mkdir -p'
NM='/home/qe/px3-se/buildroot/output/host/usr/bin/aarch64-rockchip-linux-gnu-nm'
NMEDIT=''
OBJDUMP='/home/qe/px3-se/buildroot/output/host/usr/bin/aarch64-rockchip-linux-gnu-objdump'
OBJEXT='o'
OTOOL64=''
OTOOL=''
PACKAGE='weston'
PACKAGE_BUGREPORT='https://bugs.freedesktop.org/enter_bug.cgi?product=Wayland&component=weston&version=2.0.0'
PACKAGE_NAME='weston'
PACKAGE_STRING='weston 2.0.0'
PACKAGE_TARNAME='weston'
PACKAGE_URL='http://wayland.freedesktop.org'
PACKAGE_VERSION='2.0.0'
PAM_LIBS=''
PANGO_CFLAGS=''
PANGO_LIBS=''
PATH_SEPARATOR=':'
PIXMAN_CFLAGS='-I/home/qe/px3-se/buildroot/output/host/usr/aarch64-rockchip-linux-gnu/sysroot/usr/include/pixman-1  '
PIXMAN_LIBS='-L/home/qe/px3-se/buildroot/output/host/usr/aarch64-rockchip-linux-gnu/sysroot/usr/lib -lpixman-1  '
PKG_CONFIG='/home/qe/px3-se/buildroot/output/host/usr/bin/pkg-config'
PKG_CONFIG_LIBDIR=''
PKG_CONFIG_PATH=''
PNG_CFLAGS='-I/home/qe/px3-se/buildroot/output/host/usr/aarch64-rockchip-linux-gnu/sysroot/usr/include/libpng16  '
PNG_LIBS='-L/home/qe/px3-se/buildroot/output/host/usr/aarch64-rockchip-linux-gnu/sysroot/usr/lib -lpng16  '
RANLIB='/home/qe/px3-se/buildroot/output/host/usr/bin/aarch64-rockchip-linux-gnu-ranlib'
RDP_COMPOSITOR_CFLAGS=''
RDP_COMPOSITOR_LIBS=''
SCREEN_SHARE_CFLAGS=''
SCREEN_SHARE_LIBS=''
SED='/bin/sed'
SERVER_CFLAGS='-I/home/qe/px3-se/buildroot/output/host/usr/aarch64-rockchip-linux-gnu/sysroot/usr/include  '
SERVER_LIBS='-L/home/qe/px3-se/buildroot/output/host/usr/aarch64-rockchip-linux-gnu/sysroot/usr/lib -lwayland-server  '
SETBACKLIGHT_CFLAGS='-I/home/qe/px3-se/buildroot/output/host/usr/aarch64-rockchip-linux-gnu/sysroot/usr/include -I/home/qe/px3-se/buildroot/output/host/usr/aarch64-rockchip-linux-gnu/sysroot/usr/include/libdrm  '
SETBACKLIGHT_LIBS='-L/home/qe/px3-se/buildroot/output/host/usr/aarch64-rockchip-linux-gnu/sysroot/usr/lib -ludev -ldrm  '
SET_MAKE=''
SHELL='/bin/bash'
SIMPLE_CLIENT_CFLAGS='-I/home/qe/px3-se/buildroot/output/host/usr/aarch64-rockchip-linux-gnu/sysroot/usr/include  '
SIMPLE_CLIENT_LIBS='-L/home/qe/px3-se/buildroot/output/host/usr/aarch64-rockchip-linux-gnu/sysroot/usr/lib -lwayland-client  '
SIMPLE_DMABUF_INTEL_CLIENT_CFLAGS=''
SIMPLE_DMABUF_INTEL_CLIENT_LIBS=''
SIMPLE_DMABUF_V4L_CLIENT_CFLAGS='-I/home/qe/px3-se/buildroot/output/host/usr/aarch64-rockchip-linux-gnu/sysroot/usr/include -I/home/qe/px3-se/buildroot/output/host/usr/aarch64-rockchip-linux-gnu/sysroot/usr/include/libdrm  '
SIMPLE_DMABUF_V4L_CLIENT_LIBS='-L/home/qe/px3-se/buildroot/output/host/usr/aarch64-rockchip-linux-gnu/sysroot/usr/lib -lwayland-client -ldrm  '
SIMPLE_EGL_CLIENT_CFLAGS='-I/home/qe/px3-se/buildroot/output/host/usr/aarch64-rockchip-linux-gnu/sysroot/usr/include  -DMESA_EGL_NO_X11_HEADERS  '
SIMPLE_EGL_CLIENT_LIBS='-L/home/qe/px3-se/buildroot/output/host/usr/aarch64-rockchip-linux-gnu/sysroot/usr/lib -lEGL -lGLESv2 -lwayland-egl -lwayland-client -lwayland-cursor  '
STRIP='/home/qe/px3-se/buildroot/output/host/usr/bin/aarch64-rockchip-linux-gnu-strip'
SYSTEMD_DAEMON_CFLAGS=''
SYSTEMD_DAEMON_LIBS=''
SYSTEMD_LOGIN_CFLAGS=''
SYSTEMD_LOGIN_LIBS=''
SYSTEMD_NOTIFY_SUPPORT_FALSE=''
SYSTEMD_NOTIFY_SUPPORT_TRUE='#'
TEST_CLIENT_CFLAGS='-I/home/qe/px3-se/buildroot/output/host/usr/aarch64-rockchip-linux-gnu/sysroot/usr/include -I/home/qe/px3-se/buildroot/output/host/usr/aarch64-rockchip-linux-gnu/sysroot/usr/include/pixman-1  '
TEST_CLIENT_LIBS='-L/home/qe/px3-se/buildroot/output/host/usr/aarch64-rockchip-linux-gnu/sysroot/usr/lib -lwayland-client -lpixman-1  '
VERSION='2.0.0'
WAYLAND_COMPOSITOR_CFLAGS='-I/home/qe/px3-se/buildroot/output/host/usr/aarch64-rockchip-linux-gnu/sysroot/usr/include  '
WAYLAND_COMPOSITOR_EGL_CFLAGS='-I/home/qe/px3-se/buildroot/output/host/usr/aarch64-rockchip-linux-gnu/sysroot/usr/include  '
WAYLAND_COMPOSITOR_EGL_LIBS='-L/home/qe/px3-se/buildroot/output/host/usr/aarch64-rockchip-linux-gnu/sysroot/usr/lib -lwayland-egl -lwayland-client  '
WAYLAND_COMPOSITOR_LIBS='-L/home/qe/px3-se/buildroot/output/host/usr/aarch64-rockchip-linux-gnu/sysroot/usr/lib -lwayland-client -lwayland-cursor  '
WAYLAND_PROTOCOLS_CFLAGS=' '
WAYLAND_PROTOCOLS_DATADIR='/usr/share/wayland-protocols'
WAYLAND_PROTOCOLS_LIBS=' '
WAYLAND_SCANNER_CFLAGS=''
WAYLAND_SCANNER_LIBS=''
WCAP_CFLAGS='-I/home/qe/px3-se/buildroot/output/host/usr/aarch64-rockchip-linux-gnu/sysroot/usr/include/cairo -I/home/qe/px3-se/buildroot/output/host/usr/aarch64-rockchip-linux-gnu/sysroot/usr/include/glib-2.0 -I/home/qe/px3-se/buildroot/output/host/usr/aarch64-rockchip-linux-gnu/sysroot/usr/lib/glib-2.0/include -I/home/qe/px3-se/buildroot/output/host/usr/aarch64-rockchip-linux-gnu/sysroot/usr/include -I/home/qe/px3-se/buildroot/output/host/usr/aarch64-rockchip-linux-gnu/sysroot/usr/include/pixman-1 -I/home/qe/px3-se/buildroot/output/host/usr/aarch64-rockchip-linux-gnu/sysroot/usr/include/freetype2  -DMESA_EGL_NO_X11_HEADERS -I/home/qe/px3-se/buildroot/output/host/usr/aarch64-rockchip-linux-gnu/sysroot/usr/include/libpng16  '
WCAP_LIBS='-L/home/qe/px3-se/buildroot/output/host/usr/aarch64-rockchip-linux-gnu/sysroot/usr/lib -lcairo   -lm'
WEBP_CFLAGS=''
WEBP_LIBS=''
WESTON_INFO_CFLAGS='-I/home/qe/px3-se/buildroot/output/host/usr/aarch64-rockchip-linux-gnu/sysroot/usr/include  '
WESTON_INFO_LIBS='-L/home/qe/px3-se/buildroot/output/host/usr/aarch64-rockchip-linux-gnu/sysroot/usr/lib -lwayland-client  '
WESTON_NATIVE_BACKEND='drm-backend.so'
WESTON_SHELL_CLIENT='weston-desktop-shell'
WESTON_VERSION='2.0.0'
WESTON_VERSION_MAJOR='2'
WESTON_VERSION_MICRO='0'
WESTON_VERSION_MINOR='0'
X11_COMPOSITOR_CFLAGS=''
X11_COMPOSITOR_LIBS=''
X11_COMPOSITOR_XKB_CFLAGS=''
X11_COMPOSITOR_XKB_LIBS=''
XCB_CFLAGS=''
XCB_LIBS=''
XKBCOMMON_COMPOSE_CFLAGS='-I/home/qe/px3-se/buildroot/output/host/usr/aarch64-rockchip-linux-gnu/sysroot/usr/include  '
XKBCOMMON_COMPOSE_LIBS='-L/home/qe/px3-se/buildroot/output/host/usr/aarch64-rockchip-linux-gnu/sysroot/usr/lib -lxkbcommon  '
XSERVER_PATH=''
XWAYLAND_CFLAGS=''
XWAYLAND_LIBS=''
XWAYLAND_TEST_CFLAGS=''
XWAYLAND_TEST_LIBS=''
ac_ct_AR=''
ac_ct_CC=''
ac_ct_DUMPBIN=''
am__EXEEXT_FALSE=''
am__EXEEXT_TRUE='#'
am__fastdepCC_FALSE=''
am__fastdepCC_TRUE='#'
am__include='include'
am__isrc=''
am__leading_dot='.'
am__nodep=''
am__quote=''
am__tar='$${TAR-tar} chof - "$$tardir"'
am__untar='$${TAR-tar} xf -'
bindir='${exec_prefix}/bin'
build='x86_64-pc-linux-gnu'
build_alias='x86_64-pc-linux-gnu'
build_cpu='x86_64'
build_os='linux-gnu'
build_vendor='pc'
datadir='${datarootdir}'
datarootdir='${prefix}/share'
docdir='${datarootdir}/doc/${PACKAGE_TARNAME}'
dvidir='${docdir}'
exec_prefix='/usr'
host='aarch64-rockchip-linux-gnu'
host_alias='aarch64-rockchip-linux-gnu'
host_cpu='aarch64'
host_os='linux-gnu'
host_vendor='rockchip'
htmldir='${docdir}'
includedir='${prefix}/include'
infodir='${datarootdir}/info'
install_sh='${SHELL} /home/qe/px3-se/buildroot/output/build/weston-2.0.0/build-aux/install-sh'
libdir='${exec_prefix}/lib'
libexecdir='${exec_prefix}/libexec'
localedir='${datarootdir}/locale'
localstatedir='/var'
mandir='${datarootdir}/man'
mkdir_p='$(MKDIR_P)'
oldincludedir='/usr/include'
pdfdir='${docdir}'
prefix='/usr'
program_transform_name='s&^&&'
psdir='${docdir}'
sbindir='${exec_prefix}/sbin'
sharedstatedir='${prefix}/com'
sysconfdir='/etc'
target_alias='aarch64-rockchip-linux-gnu'
wayland_scanner='/home/qe/px3-se/buildroot/output/host/usr/bin/wayland-scanner'

## ----------- ##
## confdefs.h. ##
## ----------- ##

/* confdefs.h */
#define PACKAGE_NAME "weston"
#define PACKAGE_TARNAME "weston"
#define PACKAGE_VERSION "2.0.0"
#define PACKAGE_STRING "weston 2.0.0"
#define PACKAGE_BUGREPORT "https://bugs.freedesktop.org/enter_bug.cgi?product=Wayland&component=weston&version=2.0.0"
#define PACKAGE_URL "http://wayland.freedesktop.org"
#define STDC_HEADERS 1
#define HAVE_SYS_TYPES_H 1
#define HAVE_SYS_STAT_H 1
#define HAVE_STDLIB_H 1
#define HAVE_STRING_H 1
#define HAVE_MEMORY_H 1
#define HAVE_STRINGS_H 1
#define HAVE_INTTYPES_H 1
#define HAVE_STDINT_H 1
#define HAVE_UNISTD_H 1
#define __EXTENSIONS__ 1
#define _ALL_SOURCE 1
#define _GNU_SOURCE 1
#define _POSIX_PTHREAD_SEMANTICS 1
#define _TANDEM_SOURCE 1
#define PACKAGE "weston"
#define VERSION "2.0.0"
#define HAVE_DLFCN_H 1
#define LT_OBJDIR ".libs/"
#define HAVE_EXECINFO_H 1
#define HAVE_MKOSTEMP 1
#define HAVE_STRCHRNUL 1
#define HAVE_INITGROUPS 1
#define HAVE_POSIX_FALLOCATE 1
#define ENABLE_EGL 1
#define ENABLE_XKBCOMMON 1
#define HAVE_XKBCOMMON_COMPOSE 1
#define HAVE_LIBDRM 1
#define BUILD_DRM_COMPOSITOR 1
#define HAVE_GBM_FD_IMPORT 1
#define BUILD_WAYLAND_COMPOSITOR 1
#define BUILD_FBDEV_COMPOSITOR 1
#define HAVE_JPEG 1
#define BUILD_CLIENTS 1
#define USE_RESIZE_POOL 1
#define HAVE_DBUS 1
#define ENABLE_JUNIT_XML 1
#define BUILD_WCAP_TOOLS 1
#define WESTON_NATIVE_BACKEND "drm-backend.so"
#define WESTON_SHELL_CLIENT "weston-desktop-shell"

configure: exit 0

## ---------------------- ##
## Running config.status. ##
## ---------------------- ##

This file was extended by weston config.status 2.0.0, which was
generated by GNU Autoconf 2.69.  Invocation command line was

  CONFIG_FILES    = 
  CONFIG_HEADERS  = 
  CONFIG_LINKS    = 
  CONFIG_COMMANDS = 
  $ ./config.status Makefile depfiles

on svr166

config.status:1320: creating Makefile
config.status:1549: executing depfiles commands
